ERROR - 2022-06-01 08:04:08 --> Memory limit of 10240 KB exceeded for buffered query
ERROR - 2022-06-01 08:04:08 --> Memory limit of 10240 KB exceeded for buffered query
ERROR - 2022-06-01 08:12:38 --> Memory limit of 10240 KB exceeded for buffered query
ERROR - 2022-06-01 08:12:38 --> Memory limit of 10240 KB exceeded for buffered query
ERROR - 2022-06-01 08:18:42 --> Memory limit of 10240 KB exceeded for buffered query
ERROR - 2022-06-01 08:18:42 --> Memory limit of 10240 KB exceeded for buffered query
ERROR - 2022-06-01 08:18:43 --> Memory limit of 10240 KB exceeded for buffered query
ERROR - 2022-06-01 08:18:43 --> Memory limit of 10240 KB exceeded for buffered query
ERROR - 2022-06-01 08:18:43 --> Memory limit of 10240 KB exceeded for buffered query
ERROR - 2022-06-01 08:18:43 --> Memory limit of 10240 KB exceeded for buffered query
ERROR - 2022-06-01 08:18:49 --> Memory limit of 10240 KB exceeded for buffered query
ERROR - 2022-06-01 08:18:49 --> Memory limit of 10240 KB exceeded for buffered query
ERROR - 2022-06-01 08:18:51 --> Memory limit of 10240 KB exceeded for buffered query
ERROR - 2022-06-01 08:18:51 --> Memory limit of 10240 KB exceeded for buffered query
ERROR - 2022-06-01 08:18:51 --> Memory limit of 10240 KB exceeded for buffered query
ERROR - 2022-06-01 08:18:52 --> Memory limit of 10240 KB exceeded for buffered query
ERROR - 2022-06-01 08:18:52 --> Memory limit of 10240 KB exceeded for buffered query
ERROR - 2022-06-01 08:18:52 --> Memory limit of 10240 KB exceeded for buffered query
ERROR - 2022-06-01 08:18:52 --> Memory limit of 10240 KB exceeded for buffered query
ERROR - 2022-06-01 08:18:52 --> Memory limit of 10240 KB exceeded for buffered query
ERROR - 2022-06-01 08:18:52 --> Memory limit of 10240 KB exceeded for buffered query
ERROR - 2022-06-01 08:18:52 --> Memory limit of 10240 KB exceeded for buffered query
ERROR - 2022-06-01 08:18:52 --> Memory limit of 10240 KB exceeded for buffered query
ERROR - 2022-06-01 08:18:52 --> Memory limit of 10240 KB exceeded for buffered query
ERROR - 2022-06-01 08:18:52 --> Memory limit of 10240 KB exceeded for buffered query
ERROR - 2022-06-01 08:18:52 --> Memory limit of 10240 KB exceeded for buffered query
ERROR - 2022-06-01 08:18:52 --> Memory limit of 10240 KB exceeded for buffered query
ERROR - 2022-06-01 08:18:52 --> Memory limit of 10240 KB exceeded for buffered query
ERROR - 2022-06-01 08:18:52 --> Memory limit of 10240 KB exceeded for buffered query
ERROR - 2022-06-01 08:18:53 --> Memory limit of 10240 KB exceeded for buffered query
ERROR - 2022-06-01 08:18:53 --> Memory limit of 10240 KB exceeded for buffered query
ERROR - 2022-06-01 08:18:53 --> Memory limit of 10240 KB exceeded for buffered query
ERROR - 2022-06-01 08:18:53 --> Memory limit of 10240 KB exceeded for buffered query
ERROR - 2022-06-01 08:18:53 --> Memory limit of 10240 KB exceeded for buffered query
ERROR - 2022-06-01 08:18:53 --> Memory limit of 10240 KB exceeded for buffered query
ERROR - 2022-06-01 08:18:53 --> Memory limit of 10240 KB exceeded for buffered query
ERROR - 2022-06-01 08:18:53 --> Memory limit of 10240 KB exceeded for buffered query
ERROR - 2022-06-01 08:18:53 --> Memory limit of 10240 KB exceeded for buffered query
ERROR - 2022-06-01 08:18:53 --> Memory limit of 10240 KB exceeded for buffered query
ERROR - 2022-06-01 08:18:53 --> Memory limit of 10240 KB exceeded for buffered query
ERROR - 2022-06-01 08:18:53 --> Memory limit of 10240 KB exceeded for buffered query
ERROR - 2022-06-01 08:18:53 --> Memory limit of 10240 KB exceeded for buffered query
ERROR - 2022-06-01 08:18:53 --> Memory limit of 10240 KB exceeded for buffered query
ERROR - 2022-06-01 08:18:54 --> Memory limit of 10240 KB exceeded for buffered query
ERROR - 2022-06-01 08:19:07 --> Memory limit of 10240 KB exceeded for buffered query
ERROR - 2022-06-01 08:19:07 --> Memory limit of 10240 KB exceeded for buffered query
ERROR - 2022-06-01 08:19:10 --> Memory limit of 10240 KB exceeded for buffered query
ERROR - 2022-06-01 08:19:10 --> Memory limit of 10240 KB exceeded for buffered query
ERROR - 2022-06-01 08:19:10 --> Memory limit of 10240 KB exceeded for buffered query
ERROR - 2022-06-01 08:19:10 --> Memory limit of 10240 KB exceeded for buffered query
ERROR - 2022-06-01 08:20:13 --> Memory limit of 10240 KB exceeded for buffered query
ERROR - 2022-06-01 08:20:13 --> Memory limit of 10240 KB exceeded for buffered query
ERROR - 2022-06-01 08:20:15 --> Memory limit of 10240 KB exceeded for buffered query
ERROR - 2022-06-01 08:20:15 --> Memory limit of 10240 KB exceeded for buffered query
ERROR - 2022-06-01 08:20:15 --> Memory limit of 10240 KB exceeded for buffered query
ERROR - 2022-06-01 08:20:15 --> Memory limit of 10240 KB exceeded for buffered query
ERROR - 2022-06-01 08:20:15 --> Memory limit of 10240 KB exceeded for buffered query
ERROR - 2022-06-01 08:20:15 --> Memory limit of 10240 KB exceeded for buffered query
ERROR - 2022-06-01 08:20:15 --> Memory limit of 10240 KB exceeded for buffered query
ERROR - 2022-06-01 08:20:15 --> Memory limit of 10240 KB exceeded for buffered query
ERROR - 2022-06-01 08:20:15 --> Memory limit of 10240 KB exceeded for buffered query
ERROR - 2022-06-01 08:20:15 --> Memory limit of 10240 KB exceeded for buffered query
ERROR - 2022-06-01 08:20:15 --> Memory limit of 10240 KB exceeded for buffered query
ERROR - 2022-06-01 08:20:16 --> Memory limit of 10240 KB exceeded for buffered query
ERROR - 2022-06-01 08:20:16 --> Memory limit of 10240 KB exceeded for buffered query
ERROR - 2022-06-01 08:20:16 --> Memory limit of 10240 KB exceeded for buffered query
ERROR - 2022-06-01 08:22:20 --> Memory limit of 10240 KB exceeded for buffered query
ERROR - 2022-06-01 08:22:20 --> Memory limit of 10240 KB exceeded for buffered query
ERROR - 2022-06-01 08:22:23 --> Memory limit of 10240 KB exceeded for buffered query
ERROR - 2022-06-01 08:22:23 --> Memory limit of 10240 KB exceeded for buffered query
ERROR - 2022-06-01 08:28:06 --> Memory limit of 10240 KB exceeded for buffered query
ERROR - 2022-06-01 08:28:06 --> Memory limit of 10240 KB exceeded for buffered query
CRITICAL - 2022-06-01 08:28:06 --> Call to a member function getResult() on bool
#0 C:\xampp\htdocs\plataforma-gemaweb\system\View\View.php(210): include()
#1 C:\xampp\htdocs\plataforma-gemaweb\system\View\View.php(213): CodeIgniter\View\View->CodeIgniter\View\{closure}()
#2 C:\xampp\htdocs\plataforma-gemaweb\system\Common.php(1089): CodeIgniter\View\View->render('gemaweb/referen...', Array, true)
#3 C:\xampp\htdocs\plataforma-gemaweb\app\Controllers\Contrareferencia.php(24): view('gemaweb/referen...', Array)
#4 C:\xampp\htdocs\plataforma-gemaweb\system\CodeIgniter.php(832): App\Controllers\Contrareferencia->index()
#5 C:\xampp\htdocs\plataforma-gemaweb\system\CodeIgniter.php(419): CodeIgniter\CodeIgniter->runController(Object(App\Controllers\Contrareferencia))
#6 C:\xampp\htdocs\plataforma-gemaweb\system\CodeIgniter.php(326): CodeIgniter\CodeIgniter->handleRequest(NULL, Object(Config\Cache), false)
#7 C:\xampp\htdocs\plataforma-gemaweb\public\index.php(37): CodeIgniter\CodeIgniter->run()
#8 {main}
ERROR - 2022-06-01 08:37:50 --> Memory limit of 10240 KB exceeded for buffered query
CRITICAL - 2022-06-01 08:37:50 --> Memory limit of 10240 KB exceeded for buffered query
#0 C:\xampp\htdocs\plataforma-gemaweb\system\Database\BaseConnection.php(670): CodeIgniter\Database\SQLSRV\Connection->execute('SELECT * FROM D...')
#1 C:\xampp\htdocs\plataforma-gemaweb\system\Database\BaseConnection.php(598): CodeIgniter\Database\BaseConnection->simpleQuery('SELECT * FROM D...')
#2 C:\xampp\htdocs\plataforma-gemaweb\app\Models\Generic.php(25): CodeIgniter\Database\BaseConnection->query('SELECT * FROM D...')
#3 C:\xampp\htdocs\plataforma-gemaweb\app\Controllers\Contrareferencia.php(16): App\Models\Generic->getDiagnosticos()
#4 C:\xampp\htdocs\plataforma-gemaweb\system\CodeIgniter.php(832): App\Controllers\Contrareferencia->index()
#5 C:\xampp\htdocs\plataforma-gemaweb\system\CodeIgniter.php(419): CodeIgniter\CodeIgniter->runController(Object(App\Controllers\Contrareferencia))
#6 C:\xampp\htdocs\plataforma-gemaweb\system\CodeIgniter.php(326): CodeIgniter\CodeIgniter->handleRequest(NULL, Object(Config\Cache), false)
#7 C:\xampp\htdocs\plataforma-gemaweb\public\index.php(37): CodeIgniter\CodeIgniter->run()
#8 {main}
ERROR - 2022-06-01 08:40:55 --> Memory limit of 10240 KB exceeded for buffered query
CRITICAL - 2022-06-01 08:40:55 --> Memory limit of 10240 KB exceeded for buffered query
#0 C:\xampp\htdocs\plataforma-gemaweb\system\Database\BaseConnection.php(670): CodeIgniter\Database\SQLSRV\Connection->execute('SELECT * FROM D...')
#1 C:\xampp\htdocs\plataforma-gemaweb\system\Database\BaseConnection.php(598): CodeIgniter\Database\BaseConnection->simpleQuery('SELECT * FROM D...')
#2 C:\xampp\htdocs\plataforma-gemaweb\app\Models\Generic.php(25): CodeIgniter\Database\BaseConnection->query('SELECT * FROM D...')
#3 C:\xampp\htdocs\plataforma-gemaweb\app\Controllers\Contrareferencia.php(16): App\Models\Generic->getDiagnosticos()
#4 C:\xampp\htdocs\plataforma-gemaweb\system\CodeIgniter.php(832): App\Controllers\Contrareferencia->index()
#5 C:\xampp\htdocs\plataforma-gemaweb\system\CodeIgniter.php(419): CodeIgniter\CodeIgniter->runController(Object(App\Controllers\Contrareferencia))
#6 C:\xampp\htdocs\plataforma-gemaweb\system\CodeIgniter.php(326): CodeIgniter\CodeIgniter->handleRequest(NULL, Object(Config\Cache), false)
#7 C:\xampp\htdocs\plataforma-gemaweb\public\index.php(37): CodeIgniter\CodeIgniter->run()
#8 {main}
ERROR - 2022-06-01 08:41:01 --> Memory limit of 10240 KB exceeded for buffered query
CRITICAL - 2022-06-01 08:41:01 --> Memory limit of 10240 KB exceeded for buffered query
#0 C:\xampp\htdocs\plataforma-gemaweb\system\Database\BaseConnection.php(670): CodeIgniter\Database\SQLSRV\Connection->execute('SELECT * FROM D...')
#1 C:\xampp\htdocs\plataforma-gemaweb\system\Database\BaseConnection.php(598): CodeIgniter\Database\BaseConnection->simpleQuery('SELECT * FROM D...')
#2 C:\xampp\htdocs\plataforma-gemaweb\app\Models\Generic.php(25): CodeIgniter\Database\BaseConnection->query('SELECT * FROM D...')
#3 C:\xampp\htdocs\plataforma-gemaweb\app\Controllers\Contrareferencia.php(16): App\Models\Generic->getDiagnosticos()
#4 C:\xampp\htdocs\plataforma-gemaweb\system\CodeIgniter.php(832): App\Controllers\Contrareferencia->index()
#5 C:\xampp\htdocs\plataforma-gemaweb\system\CodeIgniter.php(419): CodeIgniter\CodeIgniter->runController(Object(App\Controllers\Contrareferencia))
#6 C:\xampp\htdocs\plataforma-gemaweb\system\CodeIgniter.php(326): CodeIgniter\CodeIgniter->handleRequest(NULL, Object(Config\Cache), false)
#7 C:\xampp\htdocs\plataforma-gemaweb\public\index.php(37): CodeIgniter\CodeIgniter->run()
#8 {main}
ERROR - 2022-06-01 08:41:18 --> Memory limit of 10240 KB exceeded for buffered query
CRITICAL - 2022-06-01 08:41:18 --> Memory limit of 10240 KB exceeded for buffered query
#0 C:\xampp\htdocs\plataforma-gemaweb\system\Database\BaseConnection.php(670): CodeIgniter\Database\SQLSRV\Connection->execute('SELECT * FROM D...')
#1 C:\xampp\htdocs\plataforma-gemaweb\system\Database\BaseConnection.php(598): CodeIgniter\Database\BaseConnection->simpleQuery('SELECT * FROM D...')
#2 C:\xampp\htdocs\plataforma-gemaweb\app\Models\Generic.php(25): CodeIgniter\Database\BaseConnection->query('SELECT * FROM D...')
#3 C:\xampp\htdocs\plataforma-gemaweb\app\Controllers\Contrareferencia.php(16): App\Models\Generic->getDiagnosticos()
#4 C:\xampp\htdocs\plataforma-gemaweb\system\CodeIgniter.php(832): App\Controllers\Contrareferencia->index()
#5 C:\xampp\htdocs\plataforma-gemaweb\system\CodeIgniter.php(419): CodeIgniter\CodeIgniter->runController(Object(App\Controllers\Contrareferencia))
#6 C:\xampp\htdocs\plataforma-gemaweb\system\CodeIgniter.php(326): CodeIgniter\CodeIgniter->handleRequest(NULL, Object(Config\Cache), false)
#7 C:\xampp\htdocs\plataforma-gemaweb\public\index.php(37): CodeIgniter\CodeIgniter->run()
#8 {main}
ERROR - 2022-06-01 08:41:51 --> Memory limit of 10240 KB exceeded for buffered query
CRITICAL - 2022-06-01 08:41:51 --> Memory limit of 10240 KB exceeded for buffered query
#0 C:\xampp\htdocs\plataforma-gemaweb\system\Database\BaseConnection.php(670): CodeIgniter\Database\SQLSRV\Connection->execute('SELECT * FROM D...')
#1 C:\xampp\htdocs\plataforma-gemaweb\system\Database\BaseConnection.php(598): CodeIgniter\Database\BaseConnection->simpleQuery('SELECT * FROM D...')
#2 C:\xampp\htdocs\plataforma-gemaweb\app\Models\Generic.php(25): CodeIgniter\Database\BaseConnection->query('SELECT * FROM D...')
#3 C:\xampp\htdocs\plataforma-gemaweb\app\Controllers\Contrareferencia.php(16): App\Models\Generic->getDiagnosticos()
#4 C:\xampp\htdocs\plataforma-gemaweb\system\CodeIgniter.php(832): App\Controllers\Contrareferencia->index()
#5 C:\xampp\htdocs\plataforma-gemaweb\system\CodeIgniter.php(419): CodeIgniter\CodeIgniter->runController(Object(App\Controllers\Contrareferencia))
#6 C:\xampp\htdocs\plataforma-gemaweb\system\CodeIgniter.php(326): CodeIgniter\CodeIgniter->handleRequest(NULL, Object(Config\Cache), false)
#7 C:\xampp\htdocs\plataforma-gemaweb\public\index.php(37): CodeIgniter\CodeIgniter->run()
#8 {main}
ERROR - 2022-06-01 08:41:54 --> Memory limit of 10240 KB exceeded for buffered query
CRITICAL - 2022-06-01 08:41:54 --> Memory limit of 10240 KB exceeded for buffered query
#0 C:\xampp\htdocs\plataforma-gemaweb\system\Database\BaseConnection.php(670): CodeIgniter\Database\SQLSRV\Connection->execute('SELECT * FROM D...')
#1 C:\xampp\htdocs\plataforma-gemaweb\system\Database\BaseConnection.php(598): CodeIgniter\Database\BaseConnection->simpleQuery('SELECT * FROM D...')
#2 C:\xampp\htdocs\plataforma-gemaweb\app\Models\Generic.php(25): CodeIgniter\Database\BaseConnection->query('SELECT * FROM D...')
#3 C:\xampp\htdocs\plataforma-gemaweb\app\Controllers\Contrareferencia.php(16): App\Models\Generic->getDiagnosticos()
#4 C:\xampp\htdocs\plataforma-gemaweb\system\CodeIgniter.php(832): App\Controllers\Contrareferencia->index()
#5 C:\xampp\htdocs\plataforma-gemaweb\system\CodeIgniter.php(419): CodeIgniter\CodeIgniter->runController(Object(App\Controllers\Contrareferencia))
#6 C:\xampp\htdocs\plataforma-gemaweb\system\CodeIgniter.php(326): CodeIgniter\CodeIgniter->handleRequest(NULL, Object(Config\Cache), false)
#7 C:\xampp\htdocs\plataforma-gemaweb\public\index.php(37): CodeIgniter\CodeIgniter->run()
#8 {main}
ERROR - 2022-06-01 08:42:27 --> Memory limit of 10240 KB exceeded for buffered query
CRITICAL - 2022-06-01 08:42:27 --> Memory limit of 10240 KB exceeded for buffered query
#0 C:\xampp\htdocs\plataforma-gemaweb\system\Database\BaseConnection.php(670): CodeIgniter\Database\SQLSRV\Connection->execute('SELECT * FROM D...')
#1 C:\xampp\htdocs\plataforma-gemaweb\system\Database\BaseConnection.php(598): CodeIgniter\Database\BaseConnection->simpleQuery('SELECT * FROM D...')
#2 C:\xampp\htdocs\plataforma-gemaweb\app\Models\Generic.php(25): CodeIgniter\Database\BaseConnection->query('SELECT * FROM D...')
#3 C:\xampp\htdocs\plataforma-gemaweb\app\Controllers\Contrareferencia.php(16): App\Models\Generic->getDiagnosticos()
#4 C:\xampp\htdocs\plataforma-gemaweb\system\CodeIgniter.php(832): App\Controllers\Contrareferencia->index()
#5 C:\xampp\htdocs\plataforma-gemaweb\system\CodeIgniter.php(419): CodeIgniter\CodeIgniter->runController(Object(App\Controllers\Contrareferencia))
#6 C:\xampp\htdocs\plataforma-gemaweb\system\CodeIgniter.php(326): CodeIgniter\CodeIgniter->handleRequest(NULL, Object(Config\Cache), false)
#7 C:\xampp\htdocs\plataforma-gemaweb\public\index.php(37): CodeIgniter\CodeIgniter->run()
#8 {main}
ERROR - 2022-06-01 08:43:13 --> Memory limit of 10240 KB exceeded for buffered query
CRITICAL - 2022-06-01 08:43:13 --> Memory limit of 10240 KB exceeded for buffered query
#0 C:\xampp\htdocs\plataforma-gemaweb\system\Database\BaseConnection.php(670): CodeIgniter\Database\SQLSRV\Connection->execute('SELECT * FROM D...')
#1 C:\xampp\htdocs\plataforma-gemaweb\system\Database\BaseConnection.php(598): CodeIgniter\Database\BaseConnection->simpleQuery('SELECT * FROM D...')
#2 C:\xampp\htdocs\plataforma-gemaweb\app\Models\Generic.php(25): CodeIgniter\Database\BaseConnection->query('SELECT * FROM D...')
#3 C:\xampp\htdocs\plataforma-gemaweb\app\Controllers\Contrareferencia.php(16): App\Models\Generic->getDiagnosticos()
#4 C:\xampp\htdocs\plataforma-gemaweb\system\CodeIgniter.php(832): App\Controllers\Contrareferencia->index()
#5 C:\xampp\htdocs\plataforma-gemaweb\system\CodeIgniter.php(419): CodeIgniter\CodeIgniter->runController(Object(App\Controllers\Contrareferencia))
#6 C:\xampp\htdocs\plataforma-gemaweb\system\CodeIgniter.php(326): CodeIgniter\CodeIgniter->handleRequest(NULL, Object(Config\Cache), false)
#7 C:\xampp\htdocs\plataforma-gemaweb\public\index.php(37): CodeIgniter\CodeIgniter->run()
#8 {main}
ERROR - 2022-06-01 08:43:15 --> Memory limit of 10240 KB exceeded for buffered query
CRITICAL - 2022-06-01 08:43:15 --> Memory limit of 10240 KB exceeded for buffered query
#0 C:\xampp\htdocs\plataforma-gemaweb\system\Database\BaseConnection.php(670): CodeIgniter\Database\SQLSRV\Connection->execute('SELECT * FROM D...')
#1 C:\xampp\htdocs\plataforma-gemaweb\system\Database\BaseConnection.php(598): CodeIgniter\Database\BaseConnection->simpleQuery('SELECT * FROM D...')
#2 C:\xampp\htdocs\plataforma-gemaweb\app\Models\Generic.php(25): CodeIgniter\Database\BaseConnection->query('SELECT * FROM D...')
#3 C:\xampp\htdocs\plataforma-gemaweb\app\Controllers\Contrareferencia.php(16): App\Models\Generic->getDiagnosticos()
#4 C:\xampp\htdocs\plataforma-gemaweb\system\CodeIgniter.php(832): App\Controllers\Contrareferencia->index()
#5 C:\xampp\htdocs\plataforma-gemaweb\system\CodeIgniter.php(419): CodeIgniter\CodeIgniter->runController(Object(App\Controllers\Contrareferencia))
#6 C:\xampp\htdocs\plataforma-gemaweb\system\CodeIgniter.php(326): CodeIgniter\CodeIgniter->handleRequest(NULL, Object(Config\Cache), false)
#7 C:\xampp\htdocs\plataforma-gemaweb\public\index.php(37): CodeIgniter\CodeIgniter->run()
#8 {main}
ERROR - 2022-06-01 08:43:20 --> Memory limit of 10240 KB exceeded for buffered query
CRITICAL - 2022-06-01 08:43:20 --> Memory limit of 10240 KB exceeded for buffered query
#0 C:\xampp\htdocs\plataforma-gemaweb\system\Database\BaseConnection.php(670): CodeIgniter\Database\SQLSRV\Connection->execute('SELECT * FROM D...')
#1 C:\xampp\htdocs\plataforma-gemaweb\system\Database\BaseConnection.php(598): CodeIgniter\Database\BaseConnection->simpleQuery('SELECT * FROM D...')
#2 C:\xampp\htdocs\plataforma-gemaweb\app\Models\Generic.php(25): CodeIgniter\Database\BaseConnection->query('SELECT * FROM D...')
#3 C:\xampp\htdocs\plataforma-gemaweb\app\Controllers\Contrareferencia.php(16): App\Models\Generic->getDiagnosticos()
#4 C:\xampp\htdocs\plataforma-gemaweb\system\CodeIgniter.php(832): App\Controllers\Contrareferencia->index()
#5 C:\xampp\htdocs\plataforma-gemaweb\system\CodeIgniter.php(419): CodeIgniter\CodeIgniter->runController(Object(App\Controllers\Contrareferencia))
#6 C:\xampp\htdocs\plataforma-gemaweb\system\CodeIgniter.php(326): CodeIgniter\CodeIgniter->handleRequest(NULL, Object(Config\Cache), false)
#7 C:\xampp\htdocs\plataforma-gemaweb\public\index.php(37): CodeIgniter\CodeIgniter->run()
#8 {main}
ERROR - 2022-06-01 08:43:21 --> Memory limit of 10240 KB exceeded for buffered query
CRITICAL - 2022-06-01 08:43:21 --> Memory limit of 10240 KB exceeded for buffered query
#0 C:\xampp\htdocs\plataforma-gemaweb\system\Database\BaseConnection.php(670): CodeIgniter\Database\SQLSRV\Connection->execute('SELECT * FROM D...')
#1 C:\xampp\htdocs\plataforma-gemaweb\system\Database\BaseConnection.php(598): CodeIgniter\Database\BaseConnection->simpleQuery('SELECT * FROM D...')
#2 C:\xampp\htdocs\plataforma-gemaweb\app\Models\Generic.php(25): CodeIgniter\Database\BaseConnection->query('SELECT * FROM D...')
#3 C:\xampp\htdocs\plataforma-gemaweb\app\Controllers\Contrareferencia.php(16): App\Models\Generic->getDiagnosticos()
#4 C:\xampp\htdocs\plataforma-gemaweb\system\CodeIgniter.php(832): App\Controllers\Contrareferencia->index()
#5 C:\xampp\htdocs\plataforma-gemaweb\system\CodeIgniter.php(419): CodeIgniter\CodeIgniter->runController(Object(App\Controllers\Contrareferencia))
#6 C:\xampp\htdocs\plataforma-gemaweb\system\CodeIgniter.php(326): CodeIgniter\CodeIgniter->handleRequest(NULL, Object(Config\Cache), false)
#7 C:\xampp\htdocs\plataforma-gemaweb\public\index.php(37): CodeIgniter\CodeIgniter->run()
#8 {main}
ERROR - 2022-06-01 08:43:21 --> Memory limit of 10240 KB exceeded for buffered query
CRITICAL - 2022-06-01 08:43:21 --> Memory limit of 10240 KB exceeded for buffered query
#0 C:\xampp\htdocs\plataforma-gemaweb\system\Database\BaseConnection.php(670): CodeIgniter\Database\SQLSRV\Connection->execute('SELECT * FROM D...')
#1 C:\xampp\htdocs\plataforma-gemaweb\system\Database\BaseConnection.php(598): CodeIgniter\Database\BaseConnection->simpleQuery('SELECT * FROM D...')
#2 C:\xampp\htdocs\plataforma-gemaweb\app\Models\Generic.php(25): CodeIgniter\Database\BaseConnection->query('SELECT * FROM D...')
#3 C:\xampp\htdocs\plataforma-gemaweb\app\Controllers\Contrareferencia.php(16): App\Models\Generic->getDiagnosticos()
#4 C:\xampp\htdocs\plataforma-gemaweb\system\CodeIgniter.php(832): App\Controllers\Contrareferencia->index()
#5 C:\xampp\htdocs\plataforma-gemaweb\system\CodeIgniter.php(419): CodeIgniter\CodeIgniter->runController(Object(App\Controllers\Contrareferencia))
#6 C:\xampp\htdocs\plataforma-gemaweb\system\CodeIgniter.php(326): CodeIgniter\CodeIgniter->handleRequest(NULL, Object(Config\Cache), false)
#7 C:\xampp\htdocs\plataforma-gemaweb\public\index.php(37): CodeIgniter\CodeIgniter->run()
#8 {main}
ERROR - 2022-06-01 08:43:21 --> Memory limit of 10240 KB exceeded for buffered query
CRITICAL - 2022-06-01 08:43:21 --> Memory limit of 10240 KB exceeded for buffered query
#0 C:\xampp\htdocs\plataforma-gemaweb\system\Database\BaseConnection.php(670): CodeIgniter\Database\SQLSRV\Connection->execute('SELECT * FROM D...')
#1 C:\xampp\htdocs\plataforma-gemaweb\system\Database\BaseConnection.php(598): CodeIgniter\Database\BaseConnection->simpleQuery('SELECT * FROM D...')
#2 C:\xampp\htdocs\plataforma-gemaweb\app\Models\Generic.php(25): CodeIgniter\Database\BaseConnection->query('SELECT * FROM D...')
#3 C:\xampp\htdocs\plataforma-gemaweb\app\Controllers\Contrareferencia.php(16): App\Models\Generic->getDiagnosticos()
#4 C:\xampp\htdocs\plataforma-gemaweb\system\CodeIgniter.php(832): App\Controllers\Contrareferencia->index()
#5 C:\xampp\htdocs\plataforma-gemaweb\system\CodeIgniter.php(419): CodeIgniter\CodeIgniter->runController(Object(App\Controllers\Contrareferencia))
#6 C:\xampp\htdocs\plataforma-gemaweb\system\CodeIgniter.php(326): CodeIgniter\CodeIgniter->handleRequest(NULL, Object(Config\Cache), false)
#7 C:\xampp\htdocs\plataforma-gemaweb\public\index.php(37): CodeIgniter\CodeIgniter->run()
#8 {main}
ERROR - 2022-06-01 08:43:21 --> Memory limit of 10240 KB exceeded for buffered query
CRITICAL - 2022-06-01 08:43:21 --> Memory limit of 10240 KB exceeded for buffered query
#0 C:\xampp\htdocs\plataforma-gemaweb\system\Database\BaseConnection.php(670): CodeIgniter\Database\SQLSRV\Connection->execute('SELECT * FROM D...')
#1 C:\xampp\htdocs\plataforma-gemaweb\system\Database\BaseConnection.php(598): CodeIgniter\Database\BaseConnection->simpleQuery('SELECT * FROM D...')
#2 C:\xampp\htdocs\plataforma-gemaweb\app\Models\Generic.php(25): CodeIgniter\Database\BaseConnection->query('SELECT * FROM D...')
#3 C:\xampp\htdocs\plataforma-gemaweb\app\Controllers\Contrareferencia.php(16): App\Models\Generic->getDiagnosticos()
#4 C:\xampp\htdocs\plataforma-gemaweb\system\CodeIgniter.php(832): App\Controllers\Contrareferencia->index()
#5 C:\xampp\htdocs\plataforma-gemaweb\system\CodeIgniter.php(419): CodeIgniter\CodeIgniter->runController(Object(App\Controllers\Contrareferencia))
#6 C:\xampp\htdocs\plataforma-gemaweb\system\CodeIgniter.php(326): CodeIgniter\CodeIgniter->handleRequest(NULL, Object(Config\Cache), false)
#7 C:\xampp\htdocs\plataforma-gemaweb\public\index.php(37): CodeIgniter\CodeIgniter->run()
#8 {main}
ERROR - 2022-06-01 08:43:36 --> Memory limit of 10240 KB exceeded for buffered query
CRITICAL - 2022-06-01 08:43:36 --> Memory limit of 10240 KB exceeded for buffered query
#0 C:\xampp\htdocs\plataforma-gemaweb\system\Database\BaseConnection.php(670): CodeIgniter\Database\SQLSRV\Connection->execute('SELECT * FROM D...')
#1 C:\xampp\htdocs\plataforma-gemaweb\system\Database\BaseConnection.php(598): CodeIgniter\Database\BaseConnection->simpleQuery('SELECT * FROM D...')
#2 C:\xampp\htdocs\plataforma-gemaweb\app\Models\Generic.php(25): CodeIgniter\Database\BaseConnection->query('SELECT * FROM D...')
#3 C:\xampp\htdocs\plataforma-gemaweb\app\Controllers\Contrareferencia.php(16): App\Models\Generic->getDiagnosticos()
#4 C:\xampp\htdocs\plataforma-gemaweb\system\CodeIgniter.php(832): App\Controllers\Contrareferencia->index()
#5 C:\xampp\htdocs\plataforma-gemaweb\system\CodeIgniter.php(419): CodeIgniter\CodeIgniter->runController(Object(App\Controllers\Contrareferencia))
#6 C:\xampp\htdocs\plataforma-gemaweb\system\CodeIgniter.php(326): CodeIgniter\CodeIgniter->handleRequest(NULL, Object(Config\Cache), false)
#7 C:\xampp\htdocs\plataforma-gemaweb\public\index.php(37): CodeIgniter\CodeIgniter->run()
#8 {main}
ERROR - 2022-06-01 08:46:08 --> Memory limit of 10240 KB exceeded for buffered query
CRITICAL - 2022-06-01 08:46:08 --> Memory limit of 10240 KB exceeded for buffered query
#0 C:\xampp\htdocs\plataforma-gemaweb\system\Database\BaseConnection.php(670): CodeIgniter\Database\SQLSRV\Connection->execute('SELECT * FROM D...')
#1 C:\xampp\htdocs\plataforma-gemaweb\system\Database\BaseConnection.php(598): CodeIgniter\Database\BaseConnection->simpleQuery('SELECT * FROM D...')
#2 C:\xampp\htdocs\plataforma-gemaweb\app\Models\Generic.php(25): CodeIgniter\Database\BaseConnection->query('SELECT * FROM D...')
#3 C:\xampp\htdocs\plataforma-gemaweb\app\Controllers\Contrareferencia.php(16): App\Models\Generic->getDiagnosticos()
#4 C:\xampp\htdocs\plataforma-gemaweb\system\CodeIgniter.php(832): App\Controllers\Contrareferencia->index()
#5 C:\xampp\htdocs\plataforma-gemaweb\system\CodeIgniter.php(419): CodeIgniter\CodeIgniter->runController(Object(App\Controllers\Contrareferencia))
#6 C:\xampp\htdocs\plataforma-gemaweb\system\CodeIgniter.php(326): CodeIgniter\CodeIgniter->handleRequest(NULL, Object(Config\Cache), false)
#7 C:\xampp\htdocs\plataforma-gemaweb\public\index.php(37): CodeIgniter\CodeIgniter->run()
#8 {main}
ERROR - 2022-06-01 08:46:12 --> Memory limit of 10240 KB exceeded for buffered query
CRITICAL - 2022-06-01 08:46:12 --> Memory limit of 10240 KB exceeded for buffered query
#0 C:\xampp\htdocs\plataforma-gemaweb\system\Database\BaseConnection.php(670): CodeIgniter\Database\SQLSRV\Connection->execute('SELECT * FROM D...')
#1 C:\xampp\htdocs\plataforma-gemaweb\system\Database\BaseConnection.php(598): CodeIgniter\Database\BaseConnection->simpleQuery('SELECT * FROM D...')
#2 C:\xampp\htdocs\plataforma-gemaweb\app\Models\Generic.php(25): CodeIgniter\Database\BaseConnection->query('SELECT * FROM D...')
#3 C:\xampp\htdocs\plataforma-gemaweb\app\Controllers\Contrareferencia.php(16): App\Models\Generic->getDiagnosticos()
#4 C:\xampp\htdocs\plataforma-gemaweb\system\CodeIgniter.php(832): App\Controllers\Contrareferencia->index()
#5 C:\xampp\htdocs\plataforma-gemaweb\system\CodeIgniter.php(419): CodeIgniter\CodeIgniter->runController(Object(App\Controllers\Contrareferencia))
#6 C:\xampp\htdocs\plataforma-gemaweb\system\CodeIgniter.php(326): CodeIgniter\CodeIgniter->handleRequest(NULL, Object(Config\Cache), false)
#7 C:\xampp\htdocs\plataforma-gemaweb\public\index.php(37): CodeIgniter\CodeIgniter->run()
#8 {main}
ERROR - 2022-06-01 08:46:59 --> Memory limit of 10240 KB exceeded for buffered query
CRITICAL - 2022-06-01 08:46:59 --> Memory limit of 10240 KB exceeded for buffered query
#0 C:\xampp\htdocs\plataforma-gemaweb\system\Database\BaseConnection.php(670): CodeIgniter\Database\SQLSRV\Connection->execute('SELECT * FROM D...')
#1 C:\xampp\htdocs\plataforma-gemaweb\system\Database\BaseConnection.php(598): CodeIgniter\Database\BaseConnection->simpleQuery('SELECT * FROM D...')
#2 C:\xampp\htdocs\plataforma-gemaweb\app\Models\Generic.php(25): CodeIgniter\Database\BaseConnection->query('SELECT * FROM D...')
#3 C:\xampp\htdocs\plataforma-gemaweb\app\Controllers\Contrareferencia.php(16): App\Models\Generic->getDiagnosticos()
#4 C:\xampp\htdocs\plataforma-gemaweb\system\CodeIgniter.php(832): App\Controllers\Contrareferencia->index()
#5 C:\xampp\htdocs\plataforma-gemaweb\system\CodeIgniter.php(419): CodeIgniter\CodeIgniter->runController(Object(App\Controllers\Contrareferencia))
#6 C:\xampp\htdocs\plataforma-gemaweb\system\CodeIgniter.php(326): CodeIgniter\CodeIgniter->handleRequest(NULL, Object(Config\Cache), false)
#7 C:\xampp\htdocs\plataforma-gemaweb\public\index.php(37): CodeIgniter\CodeIgniter->run()
#8 {main}
ERROR - 2022-06-01 08:47:00 --> Memory limit of 10240 KB exceeded for buffered query
CRITICAL - 2022-06-01 08:47:00 --> Memory limit of 10240 KB exceeded for buffered query
#0 C:\xampp\htdocs\plataforma-gemaweb\system\Database\BaseConnection.php(670): CodeIgniter\Database\SQLSRV\Connection->execute('SELECT * FROM D...')
#1 C:\xampp\htdocs\plataforma-gemaweb\system\Database\BaseConnection.php(598): CodeIgniter\Database\BaseConnection->simpleQuery('SELECT * FROM D...')
#2 C:\xampp\htdocs\plataforma-gemaweb\app\Models\Generic.php(25): CodeIgniter\Database\BaseConnection->query('SELECT * FROM D...')
#3 C:\xampp\htdocs\plataforma-gemaweb\app\Controllers\Contrareferencia.php(16): App\Models\Generic->getDiagnosticos()
#4 C:\xampp\htdocs\plataforma-gemaweb\system\CodeIgniter.php(832): App\Controllers\Contrareferencia->index()
#5 C:\xampp\htdocs\plataforma-gemaweb\system\CodeIgniter.php(419): CodeIgniter\CodeIgniter->runController(Object(App\Controllers\Contrareferencia))
#6 C:\xampp\htdocs\plataforma-gemaweb\system\CodeIgniter.php(326): CodeIgniter\CodeIgniter->handleRequest(NULL, Object(Config\Cache), false)
#7 C:\xampp\htdocs\plataforma-gemaweb\public\index.php(37): CodeIgniter\CodeIgniter->run()
#8 {main}
ERROR - 2022-06-01 08:47:01 --> Memory limit of 10240 KB exceeded for buffered query
CRITICAL - 2022-06-01 08:47:01 --> Memory limit of 10240 KB exceeded for buffered query
#0 C:\xampp\htdocs\plataforma-gemaweb\system\Database\BaseConnection.php(670): CodeIgniter\Database\SQLSRV\Connection->execute('SELECT * FROM D...')
#1 C:\xampp\htdocs\plataforma-gemaweb\system\Database\BaseConnection.php(598): CodeIgniter\Database\BaseConnection->simpleQuery('SELECT * FROM D...')
#2 C:\xampp\htdocs\plataforma-gemaweb\app\Models\Generic.php(25): CodeIgniter\Database\BaseConnection->query('SELECT * FROM D...')
#3 C:\xampp\htdocs\plataforma-gemaweb\app\Controllers\Contrareferencia.php(16): App\Models\Generic->getDiagnosticos()
#4 C:\xampp\htdocs\plataforma-gemaweb\system\CodeIgniter.php(832): App\Controllers\Contrareferencia->index()
#5 C:\xampp\htdocs\plataforma-gemaweb\system\CodeIgniter.php(419): CodeIgniter\CodeIgniter->runController(Object(App\Controllers\Contrareferencia))
#6 C:\xampp\htdocs\plataforma-gemaweb\system\CodeIgniter.php(326): CodeIgniter\CodeIgniter->handleRequest(NULL, Object(Config\Cache), false)
#7 C:\xampp\htdocs\plataforma-gemaweb\public\index.php(37): CodeIgniter\CodeIgniter->run()
#8 {main}
ERROR - 2022-06-01 08:47:01 --> Memory limit of 10240 KB exceeded for buffered query
CRITICAL - 2022-06-01 08:47:01 --> Memory limit of 10240 KB exceeded for buffered query
#0 C:\xampp\htdocs\plataforma-gemaweb\system\Database\BaseConnection.php(670): CodeIgniter\Database\SQLSRV\Connection->execute('SELECT * FROM D...')
#1 C:\xampp\htdocs\plataforma-gemaweb\system\Database\BaseConnection.php(598): CodeIgniter\Database\BaseConnection->simpleQuery('SELECT * FROM D...')
#2 C:\xampp\htdocs\plataforma-gemaweb\app\Models\Generic.php(25): CodeIgniter\Database\BaseConnection->query('SELECT * FROM D...')
#3 C:\xampp\htdocs\plataforma-gemaweb\app\Controllers\Contrareferencia.php(16): App\Models\Generic->getDiagnosticos()
#4 C:\xampp\htdocs\plataforma-gemaweb\system\CodeIgniter.php(832): App\Controllers\Contrareferencia->index()
#5 C:\xampp\htdocs\plataforma-gemaweb\system\CodeIgniter.php(419): CodeIgniter\CodeIgniter->runController(Object(App\Controllers\Contrareferencia))
#6 C:\xampp\htdocs\plataforma-gemaweb\system\CodeIgniter.php(326): CodeIgniter\CodeIgniter->handleRequest(NULL, Object(Config\Cache), false)
#7 C:\xampp\htdocs\plataforma-gemaweb\public\index.php(37): CodeIgniter\CodeIgniter->run()
#8 {main}
ERROR - 2022-06-01 08:47:02 --> Memory limit of 10240 KB exceeded for buffered query
CRITICAL - 2022-06-01 08:47:02 --> Memory limit of 10240 KB exceeded for buffered query
#0 C:\xampp\htdocs\plataforma-gemaweb\system\Database\BaseConnection.php(670): CodeIgniter\Database\SQLSRV\Connection->execute('SELECT * FROM D...')
#1 C:\xampp\htdocs\plataforma-gemaweb\system\Database\BaseConnection.php(598): CodeIgniter\Database\BaseConnection->simpleQuery('SELECT * FROM D...')
#2 C:\xampp\htdocs\plataforma-gemaweb\app\Models\Generic.php(25): CodeIgniter\Database\BaseConnection->query('SELECT * FROM D...')
#3 C:\xampp\htdocs\plataforma-gemaweb\app\Controllers\Contrareferencia.php(16): App\Models\Generic->getDiagnosticos()
#4 C:\xampp\htdocs\plataforma-gemaweb\system\CodeIgniter.php(832): App\Controllers\Contrareferencia->index()
#5 C:\xampp\htdocs\plataforma-gemaweb\system\CodeIgniter.php(419): CodeIgniter\CodeIgniter->runController(Object(App\Controllers\Contrareferencia))
#6 C:\xampp\htdocs\plataforma-gemaweb\system\CodeIgniter.php(326): CodeIgniter\CodeIgniter->handleRequest(NULL, Object(Config\Cache), false)
#7 C:\xampp\htdocs\plataforma-gemaweb\public\index.php(37): CodeIgniter\CodeIgniter->run()
#8 {main}
ERROR - 2022-06-01 08:47:03 --> Memory limit of 10240 KB exceeded for buffered query
CRITICAL - 2022-06-01 08:47:03 --> Memory limit of 10240 KB exceeded for buffered query
#0 C:\xampp\htdocs\plataforma-gemaweb\system\Database\BaseConnection.php(670): CodeIgniter\Database\SQLSRV\Connection->execute('SELECT * FROM D...')
#1 C:\xampp\htdocs\plataforma-gemaweb\system\Database\BaseConnection.php(598): CodeIgniter\Database\BaseConnection->simpleQuery('SELECT * FROM D...')
#2 C:\xampp\htdocs\plataforma-gemaweb\app\Models\Generic.php(25): CodeIgniter\Database\BaseConnection->query('SELECT * FROM D...')
#3 C:\xampp\htdocs\plataforma-gemaweb\app\Controllers\Contrareferencia.php(16): App\Models\Generic->getDiagnosticos()
#4 C:\xampp\htdocs\plataforma-gemaweb\system\CodeIgniter.php(832): App\Controllers\Contrareferencia->index()
#5 C:\xampp\htdocs\plataforma-gemaweb\system\CodeIgniter.php(419): CodeIgniter\CodeIgniter->runController(Object(App\Controllers\Contrareferencia))
#6 C:\xampp\htdocs\plataforma-gemaweb\system\CodeIgniter.php(326): CodeIgniter\CodeIgniter->handleRequest(NULL, Object(Config\Cache), false)
#7 C:\xampp\htdocs\plataforma-gemaweb\public\index.php(37): CodeIgniter\CodeIgniter->run()
#8 {main}
ERROR - 2022-06-01 08:49:05 --> Memory limit of 10240 KB exceeded for buffered query
CRITICAL - 2022-06-01 08:49:05 --> Memory limit of 10240 KB exceeded for buffered query
#0 C:\xampp\htdocs\plataforma-gemaweb\system\Database\BaseConnection.php(670): CodeIgniter\Database\SQLSRV\Connection->execute('SELECT * FROM D...')
#1 C:\xampp\htdocs\plataforma-gemaweb\system\Database\BaseConnection.php(598): CodeIgniter\Database\BaseConnection->simpleQuery('SELECT * FROM D...')
#2 C:\xampp\htdocs\plataforma-gemaweb\app\Models\Generic.php(25): CodeIgniter\Database\BaseConnection->query('SELECT * FROM D...')
#3 C:\xampp\htdocs\plataforma-gemaweb\app\Controllers\Contrareferencia.php(16): App\Models\Generic->getDiagnosticos()
#4 C:\xampp\htdocs\plataforma-gemaweb\system\CodeIgniter.php(832): App\Controllers\Contrareferencia->index()
#5 C:\xampp\htdocs\plataforma-gemaweb\system\CodeIgniter.php(419): CodeIgniter\CodeIgniter->runController(Object(App\Controllers\Contrareferencia))
#6 C:\xampp\htdocs\plataforma-gemaweb\system\CodeIgniter.php(326): CodeIgniter\CodeIgniter->handleRequest(NULL, Object(Config\Cache), false)
#7 C:\xampp\htdocs\plataforma-gemaweb\public\index.php(37): CodeIgniter\CodeIgniter->run()
#8 {main}
ERROR - 2022-06-01 08:49:11 --> Memory limit of 10240 KB exceeded for buffered query
CRITICAL - 2022-06-01 08:49:11 --> Memory limit of 10240 KB exceeded for buffered query
#0 C:\xampp\htdocs\plataforma-gemaweb\system\Database\BaseConnection.php(670): CodeIgniter\Database\SQLSRV\Connection->execute('SELECT * FROM D...')
#1 C:\xampp\htdocs\plataforma-gemaweb\system\Database\BaseConnection.php(598): CodeIgniter\Database\BaseConnection->simpleQuery('SELECT * FROM D...')
#2 C:\xampp\htdocs\plataforma-gemaweb\app\Models\Generic.php(25): CodeIgniter\Database\BaseConnection->query('SELECT * FROM D...')
#3 C:\xampp\htdocs\plataforma-gemaweb\app\Controllers\Contrareferencia.php(16): App\Models\Generic->getDiagnosticos()
#4 C:\xampp\htdocs\plataforma-gemaweb\system\CodeIgniter.php(832): App\Controllers\Contrareferencia->index()
#5 C:\xampp\htdocs\plataforma-gemaweb\system\CodeIgniter.php(419): CodeIgniter\CodeIgniter->runController(Object(App\Controllers\Contrareferencia))
#6 C:\xampp\htdocs\plataforma-gemaweb\system\CodeIgniter.php(326): CodeIgniter\CodeIgniter->handleRequest(NULL, Object(Config\Cache), false)
#7 C:\xampp\htdocs\plataforma-gemaweb\public\index.php(37): CodeIgniter\CodeIgniter->run()
#8 {main}
ERROR - 2022-06-01 08:49:13 --> Memory limit of 10240 KB exceeded for buffered query
CRITICAL - 2022-06-01 08:49:13 --> Memory limit of 10240 KB exceeded for buffered query
#0 C:\xampp\htdocs\plataforma-gemaweb\system\Database\BaseConnection.php(670): CodeIgniter\Database\SQLSRV\Connection->execute('SELECT * FROM D...')
#1 C:\xampp\htdocs\plataforma-gemaweb\system\Database\BaseConnection.php(598): CodeIgniter\Database\BaseConnection->simpleQuery('SELECT * FROM D...')
#2 C:\xampp\htdocs\plataforma-gemaweb\app\Models\Generic.php(25): CodeIgniter\Database\BaseConnection->query('SELECT * FROM D...')
#3 C:\xampp\htdocs\plataforma-gemaweb\app\Controllers\Contrareferencia.php(16): App\Models\Generic->getDiagnosticos()
#4 C:\xampp\htdocs\plataforma-gemaweb\system\CodeIgniter.php(832): App\Controllers\Contrareferencia->index()
#5 C:\xampp\htdocs\plataforma-gemaweb\system\CodeIgniter.php(419): CodeIgniter\CodeIgniter->runController(Object(App\Controllers\Contrareferencia))
#6 C:\xampp\htdocs\plataforma-gemaweb\system\CodeIgniter.php(326): CodeIgniter\CodeIgniter->handleRequest(NULL, Object(Config\Cache), false)
#7 C:\xampp\htdocs\plataforma-gemaweb\public\index.php(37): CodeIgniter\CodeIgniter->run()
#8 {main}
ERROR - 2022-06-01 08:49:13 --> Memory limit of 10240 KB exceeded for buffered query
CRITICAL - 2022-06-01 08:49:13 --> Memory limit of 10240 KB exceeded for buffered query
#0 C:\xampp\htdocs\plataforma-gemaweb\system\Database\BaseConnection.php(670): CodeIgniter\Database\SQLSRV\Connection->execute('SELECT * FROM D...')
#1 C:\xampp\htdocs\plataforma-gemaweb\system\Database\BaseConnection.php(598): CodeIgniter\Database\BaseConnection->simpleQuery('SELECT * FROM D...')
#2 C:\xampp\htdocs\plataforma-gemaweb\app\Models\Generic.php(25): CodeIgniter\Database\BaseConnection->query('SELECT * FROM D...')
#3 C:\xampp\htdocs\plataforma-gemaweb\app\Controllers\Contrareferencia.php(16): App\Models\Generic->getDiagnosticos()
#4 C:\xampp\htdocs\plataforma-gemaweb\system\CodeIgniter.php(832): App\Controllers\Contrareferencia->index()
#5 C:\xampp\htdocs\plataforma-gemaweb\system\CodeIgniter.php(419): CodeIgniter\CodeIgniter->runController(Object(App\Controllers\Contrareferencia))
#6 C:\xampp\htdocs\plataforma-gemaweb\system\CodeIgniter.php(326): CodeIgniter\CodeIgniter->handleRequest(NULL, Object(Config\Cache), false)
#7 C:\xampp\htdocs\plataforma-gemaweb\public\index.php(37): CodeIgniter\CodeIgniter->run()
#8 {main}
ERROR - 2022-06-01 08:49:13 --> Memory limit of 10240 KB exceeded for buffered query
CRITICAL - 2022-06-01 08:49:13 --> Memory limit of 10240 KB exceeded for buffered query
#0 C:\xampp\htdocs\plataforma-gemaweb\system\Database\BaseConnection.php(670): CodeIgniter\Database\SQLSRV\Connection->execute('SELECT * FROM D...')
#1 C:\xampp\htdocs\plataforma-gemaweb\system\Database\BaseConnection.php(598): CodeIgniter\Database\BaseConnection->simpleQuery('SELECT * FROM D...')
#2 C:\xampp\htdocs\plataforma-gemaweb\app\Models\Generic.php(25): CodeIgniter\Database\BaseConnection->query('SELECT * FROM D...')
#3 C:\xampp\htdocs\plataforma-gemaweb\app\Controllers\Contrareferencia.php(16): App\Models\Generic->getDiagnosticos()
#4 C:\xampp\htdocs\plataforma-gemaweb\system\CodeIgniter.php(832): App\Controllers\Contrareferencia->index()
#5 C:\xampp\htdocs\plataforma-gemaweb\system\CodeIgniter.php(419): CodeIgniter\CodeIgniter->runController(Object(App\Controllers\Contrareferencia))
#6 C:\xampp\htdocs\plataforma-gemaweb\system\CodeIgniter.php(326): CodeIgniter\CodeIgniter->handleRequest(NULL, Object(Config\Cache), false)
#7 C:\xampp\htdocs\plataforma-gemaweb\public\index.php(37): CodeIgniter\CodeIgniter->run()
#8 {main}
ERROR - 2022-06-01 08:49:13 --> Memory limit of 10240 KB exceeded for buffered query
CRITICAL - 2022-06-01 08:49:13 --> Memory limit of 10240 KB exceeded for buffered query
#0 C:\xampp\htdocs\plataforma-gemaweb\system\Database\BaseConnection.php(670): CodeIgniter\Database\SQLSRV\Connection->execute('SELECT * FROM D...')
#1 C:\xampp\htdocs\plataforma-gemaweb\system\Database\BaseConnection.php(598): CodeIgniter\Database\BaseConnection->simpleQuery('SELECT * FROM D...')
#2 C:\xampp\htdocs\plataforma-gemaweb\app\Models\Generic.php(25): CodeIgniter\Database\BaseConnection->query('SELECT * FROM D...')
#3 C:\xampp\htdocs\plataforma-gemaweb\app\Controllers\Contrareferencia.php(16): App\Models\Generic->getDiagnosticos()
#4 C:\xampp\htdocs\plataforma-gemaweb\system\CodeIgniter.php(832): App\Controllers\Contrareferencia->index()
#5 C:\xampp\htdocs\plataforma-gemaweb\system\CodeIgniter.php(419): CodeIgniter\CodeIgniter->runController(Object(App\Controllers\Contrareferencia))
#6 C:\xampp\htdocs\plataforma-gemaweb\system\CodeIgniter.php(326): CodeIgniter\CodeIgniter->handleRequest(NULL, Object(Config\Cache), false)
#7 C:\xampp\htdocs\plataforma-gemaweb\public\index.php(37): CodeIgniter\CodeIgniter->run()
#8 {main}
ERROR - 2022-06-01 08:49:14 --> Memory limit of 10240 KB exceeded for buffered query
CRITICAL - 2022-06-01 08:49:14 --> Memory limit of 10240 KB exceeded for buffered query
#0 C:\xampp\htdocs\plataforma-gemaweb\system\Database\BaseConnection.php(670): CodeIgniter\Database\SQLSRV\Connection->execute('SELECT * FROM D...')
#1 C:\xampp\htdocs\plataforma-gemaweb\system\Database\BaseConnection.php(598): CodeIgniter\Database\BaseConnection->simpleQuery('SELECT * FROM D...')
#2 C:\xampp\htdocs\plataforma-gemaweb\app\Models\Generic.php(25): CodeIgniter\Database\BaseConnection->query('SELECT * FROM D...')
#3 C:\xampp\htdocs\plataforma-gemaweb\app\Controllers\Contrareferencia.php(16): App\Models\Generic->getDiagnosticos()
#4 C:\xampp\htdocs\plataforma-gemaweb\system\CodeIgniter.php(832): App\Controllers\Contrareferencia->index()
#5 C:\xampp\htdocs\plataforma-gemaweb\system\CodeIgniter.php(419): CodeIgniter\CodeIgniter->runController(Object(App\Controllers\Contrareferencia))
#6 C:\xampp\htdocs\plataforma-gemaweb\system\CodeIgniter.php(326): CodeIgniter\CodeIgniter->handleRequest(NULL, Object(Config\Cache), false)
#7 C:\xampp\htdocs\plataforma-gemaweb\public\index.php(37): CodeIgniter\CodeIgniter->run()
#8 {main}
ERROR - 2022-06-01 08:49:14 --> Memory limit of 10240 KB exceeded for buffered query
CRITICAL - 2022-06-01 08:49:14 --> Memory limit of 10240 KB exceeded for buffered query
#0 C:\xampp\htdocs\plataforma-gemaweb\system\Database\BaseConnection.php(670): CodeIgniter\Database\SQLSRV\Connection->execute('SELECT * FROM D...')
#1 C:\xampp\htdocs\plataforma-gemaweb\system\Database\BaseConnection.php(598): CodeIgniter\Database\BaseConnection->simpleQuery('SELECT * FROM D...')
#2 C:\xampp\htdocs\plataforma-gemaweb\app\Models\Generic.php(25): CodeIgniter\Database\BaseConnection->query('SELECT * FROM D...')
#3 C:\xampp\htdocs\plataforma-gemaweb\app\Controllers\Contrareferencia.php(16): App\Models\Generic->getDiagnosticos()
#4 C:\xampp\htdocs\plataforma-gemaweb\system\CodeIgniter.php(832): App\Controllers\Contrareferencia->index()
#5 C:\xampp\htdocs\plataforma-gemaweb\system\CodeIgniter.php(419): CodeIgniter\CodeIgniter->runController(Object(App\Controllers\Contrareferencia))
#6 C:\xampp\htdocs\plataforma-gemaweb\system\CodeIgniter.php(326): CodeIgniter\CodeIgniter->handleRequest(NULL, Object(Config\Cache), false)
#7 C:\xampp\htdocs\plataforma-gemaweb\public\index.php(37): CodeIgniter\CodeIgniter->run()
#8 {main}
ERROR - 2022-06-01 08:49:14 --> Memory limit of 10240 KB exceeded for buffered query
CRITICAL - 2022-06-01 08:49:14 --> Memory limit of 10240 KB exceeded for buffered query
#0 C:\xampp\htdocs\plataforma-gemaweb\system\Database\BaseConnection.php(670): CodeIgniter\Database\SQLSRV\Connection->execute('SELECT * FROM D...')
#1 C:\xampp\htdocs\plataforma-gemaweb\system\Database\BaseConnection.php(598): CodeIgniter\Database\BaseConnection->simpleQuery('SELECT * FROM D...')
#2 C:\xampp\htdocs\plataforma-gemaweb\app\Models\Generic.php(25): CodeIgniter\Database\BaseConnection->query('SELECT * FROM D...')
#3 C:\xampp\htdocs\plataforma-gemaweb\app\Controllers\Contrareferencia.php(16): App\Models\Generic->getDiagnosticos()
#4 C:\xampp\htdocs\plataforma-gemaweb\system\CodeIgniter.php(832): App\Controllers\Contrareferencia->index()
#5 C:\xampp\htdocs\plataforma-gemaweb\system\CodeIgniter.php(419): CodeIgniter\CodeIgniter->runController(Object(App\Controllers\Contrareferencia))
#6 C:\xampp\htdocs\plataforma-gemaweb\system\CodeIgniter.php(326): CodeIgniter\CodeIgniter->handleRequest(NULL, Object(Config\Cache), false)
#7 C:\xampp\htdocs\plataforma-gemaweb\public\index.php(37): CodeIgniter\CodeIgniter->run()
#8 {main}
ERROR - 2022-06-01 08:49:14 --> Memory limit of 10240 KB exceeded for buffered query
CRITICAL - 2022-06-01 08:49:14 --> Memory limit of 10240 KB exceeded for buffered query
#0 C:\xampp\htdocs\plataforma-gemaweb\system\Database\BaseConnection.php(670): CodeIgniter\Database\SQLSRV\Connection->execute('SELECT * FROM D...')
#1 C:\xampp\htdocs\plataforma-gemaweb\system\Database\BaseConnection.php(598): CodeIgniter\Database\BaseConnection->simpleQuery('SELECT * FROM D...')
#2 C:\xampp\htdocs\plataforma-gemaweb\app\Models\Generic.php(25): CodeIgniter\Database\BaseConnection->query('SELECT * FROM D...')
#3 C:\xampp\htdocs\plataforma-gemaweb\app\Controllers\Contrareferencia.php(16): App\Models\Generic->getDiagnosticos()
#4 C:\xampp\htdocs\plataforma-gemaweb\system\CodeIgniter.php(832): App\Controllers\Contrareferencia->index()
#5 C:\xampp\htdocs\plataforma-gemaweb\system\CodeIgniter.php(419): CodeIgniter\CodeIgniter->runController(Object(App\Controllers\Contrareferencia))
#6 C:\xampp\htdocs\plataforma-gemaweb\system\CodeIgniter.php(326): CodeIgniter\CodeIgniter->handleRequest(NULL, Object(Config\Cache), false)
#7 C:\xampp\htdocs\plataforma-gemaweb\public\index.php(37): CodeIgniter\CodeIgniter->run()
#8 {main}
ERROR - 2022-06-01 08:49:14 --> Memory limit of 10240 KB exceeded for buffered query
CRITICAL - 2022-06-01 08:49:14 --> Memory limit of 10240 KB exceeded for buffered query
#0 C:\xampp\htdocs\plataforma-gemaweb\system\Database\BaseConnection.php(670): CodeIgniter\Database\SQLSRV\Connection->execute('SELECT * FROM D...')
#1 C:\xampp\htdocs\plataforma-gemaweb\system\Database\BaseConnection.php(598): CodeIgniter\Database\BaseConnection->simpleQuery('SELECT * FROM D...')
#2 C:\xampp\htdocs\plataforma-gemaweb\app\Models\Generic.php(25): CodeIgniter\Database\BaseConnection->query('SELECT * FROM D...')
#3 C:\xampp\htdocs\plataforma-gemaweb\app\Controllers\Contrareferencia.php(16): App\Models\Generic->getDiagnosticos()
#4 C:\xampp\htdocs\plataforma-gemaweb\system\CodeIgniter.php(832): App\Controllers\Contrareferencia->index()
#5 C:\xampp\htdocs\plataforma-gemaweb\system\CodeIgniter.php(419): CodeIgniter\CodeIgniter->runController(Object(App\Controllers\Contrareferencia))
#6 C:\xampp\htdocs\plataforma-gemaweb\system\CodeIgniter.php(326): CodeIgniter\CodeIgniter->handleRequest(NULL, Object(Config\Cache), false)
#7 C:\xampp\htdocs\plataforma-gemaweb\public\index.php(37): CodeIgniter\CodeIgniter->run()
#8 {main}
CRITICAL - 2022-06-01 08:51:01 --> Undefined property: stdClass::$NOM_DIAGNOSTICO
#0 C:\xampp\htdocs\plataforma-gemaweb\app\Views\gemaweb\referencia_remision.php(204): CodeIgniter\Debug\Exceptions->errorHandler(2, 'Undefined prope...', 'C:\\xampp\\htdocs...', 204)
#1 C:\xampp\htdocs\plataforma-gemaweb\system\View\View.php(210): include('C:\\xampp\\htdocs...')
#2 C:\xampp\htdocs\plataforma-gemaweb\system\View\View.php(213): CodeIgniter\View\View->CodeIgniter\View\{closure}()
#3 C:\xampp\htdocs\plataforma-gemaweb\system\Common.php(1089): CodeIgniter\View\View->render('gemaweb/referen...', Array, true)
#4 C:\xampp\htdocs\plataforma-gemaweb\app\Controllers\Contrareferencia.php(24): view('gemaweb/referen...', Array)
#5 C:\xampp\htdocs\plataforma-gemaweb\system\CodeIgniter.php(832): App\Controllers\Contrareferencia->index()
#6 C:\xampp\htdocs\plataforma-gemaweb\system\CodeIgniter.php(419): CodeIgniter\CodeIgniter->runController(Object(App\Controllers\Contrareferencia))
#7 C:\xampp\htdocs\plataforma-gemaweb\system\CodeIgniter.php(326): CodeIgniter\CodeIgniter->handleRequest(NULL, Object(Config\Cache), false)
#8 C:\xampp\htdocs\plataforma-gemaweb\public\index.php(37): CodeIgniter\CodeIgniter->run()
#9 {main}
CRITICAL - 2022-06-01 11:49:34 --> Undefined property: App\Controllers\Pqrs::$generic
#0 C:\xampp\htdocs\CODEIGNITER\plataforma-gemaweb\app\Controllers\Pqrs.php(15): CodeIgniter\Debug\Exceptions->errorHandler(2, 'Undefined prope...', 'C:\\xampp\\htdocs...', 15)
#1 C:\xampp\htdocs\CODEIGNITER\plataforma-gemaweb\system\CodeIgniter.php(832): App\Controllers\Pqrs->index()
#2 C:\xampp\htdocs\CODEIGNITER\plataforma-gemaweb\system\CodeIgniter.php(419): CodeIgniter\CodeIgniter->runController(Object(App\Controllers\Pqrs))
#3 C:\xampp\htdocs\CODEIGNITER\plataforma-gemaweb\system\CodeIgniter.php(326): CodeIgniter\CodeIgniter->handleRequest(NULL, Object(Config\Cache), false)
#4 C:\xampp\htdocs\CODEIGNITER\plataforma-gemaweb\public\index.php(37): CodeIgniter\CodeIgniter->run()
#5 {main}
CRITICAL - 2022-06-01 13:40:07 --> Undefined property: stdClass::$COD_DEPARTAMENTO
#0 C:\xampp\htdocs\CODEIGNITER\plataforma-gemaweb\app\Views\prestadores\pqrs.php(309): CodeIgniter\Debug\Exceptions->errorHandler(2, 'Undefined prope...', 'C:\\xampp\\htdocs...', 309)
#1 C:\xampp\htdocs\CODEIGNITER\plataforma-gemaweb\system\View\View.php(210): include('C:\\xampp\\htdocs...')
#2 C:\xampp\htdocs\CODEIGNITER\plataforma-gemaweb\system\View\View.php(213): CodeIgniter\View\View->CodeIgniter\View\{closure}()
#3 C:\xampp\htdocs\CODEIGNITER\plataforma-gemaweb\system\Common.php(1089): CodeIgniter\View\View->render('prestadores/pqr...', Array, true)
#4 C:\xampp\htdocs\CODEIGNITER\plataforma-gemaweb\app\Controllers\Pqrs.php(33): view('prestadores/pqr...', Array)
#5 C:\xampp\htdocs\CODEIGNITER\plataforma-gemaweb\system\CodeIgniter.php(832): App\Controllers\Pqrs->index()
#6 C:\xampp\htdocs\CODEIGNITER\plataforma-gemaweb\system\CodeIgniter.php(419): CodeIgniter\CodeIgniter->runController(Object(App\Controllers\Pqrs))
#7 C:\xampp\htdocs\CODEIGNITER\plataforma-gemaweb\system\CodeIgniter.php(326): CodeIgniter\CodeIgniter->handleRequest(NULL, Object(Config\Cache), false)
#8 C:\xampp\htdocs\CODEIGNITER\plataforma-gemaweb\public\index.php(37): CodeIgniter\CodeIgniter->run()
#9 {main}
