CRITICAL - 2022-05-31 08:00:48 --> require_once(componentes/head.php): Failed to open stream: No such file or directory
#0 C:\xampp\htdocs\plataforma-gemaweb\app\Views\prestadores\pqrs.php(8): CodeIgniter\Debug\Exceptions->errorHandler(2, 'require_once(co...', 'C:\\xampp\\htdocs...', 8)
#1 C:\xampp\htdocs\plataforma-gemaweb\app\Views\prestadores\pqrs.php(8): require_once()
#2 C:\xampp\htdocs\plataforma-gemaweb\system\View\View.php(210): include('C:\\xampp\\htdocs...')
#3 C:\xampp\htdocs\plataforma-gemaweb\system\View\View.php(213): CodeIgniter\View\View->CodeIgniter\View\{closure}()
#4 C:\xampp\htdocs\plataforma-gemaweb\system\Common.php(1089): CodeIgniter\View\View->render('prestadores/pqr...', Array, true)
#5 C:\xampp\htdocs\plataforma-gemaweb\app\Controllers\Pqrs.php(14): view('prestadores/pqr...')
#6 C:\xampp\htdocs\plataforma-gemaweb\system\CodeIgniter.php(832): App\Controllers\Pqrs->index()
#7 C:\xampp\htdocs\plataforma-gemaweb\system\CodeIgniter.php(419): CodeIgniter\CodeIgniter->runController(Object(App\Controllers\Pqrs))
#8 C:\xampp\htdocs\plataforma-gemaweb\system\CodeIgniter.php(326): CodeIgniter\CodeIgniter->handleRequest(NULL, Object(Config\Cache), false)
#9 C:\xampp\htdocs\plataforma-gemaweb\public\index.php(37): CodeIgniter\CodeIgniter->run()
#10 {main}
CRITICAL - 2022-05-31 08:01:02 --> require_once(componentes/head.php): Failed to open stream: No such file or directory
#0 C:\xampp\htdocs\plataforma-gemaweb\app\Views\prestadores\pqrs.php(8): CodeIgniter\Debug\Exceptions->errorHandler(2, 'require_once(co...', 'C:\\xampp\\htdocs...', 8)
#1 C:\xampp\htdocs\plataforma-gemaweb\app\Views\prestadores\pqrs.php(8): require_once()
#2 C:\xampp\htdocs\plataforma-gemaweb\system\View\View.php(210): include('C:\\xampp\\htdocs...')
#3 C:\xampp\htdocs\plataforma-gemaweb\system\View\View.php(213): CodeIgniter\View\View->CodeIgniter\View\{closure}()
#4 C:\xampp\htdocs\plataforma-gemaweb\system\Common.php(1089): CodeIgniter\View\View->render('prestadores/pqr...', Array, true)
#5 C:\xampp\htdocs\plataforma-gemaweb\app\Controllers\Pqrs.php(14): view('prestadores/pqr...')
#6 C:\xampp\htdocs\plataforma-gemaweb\system\CodeIgniter.php(832): App\Controllers\Pqrs->index()
#7 C:\xampp\htdocs\plataforma-gemaweb\system\CodeIgniter.php(419): CodeIgniter\CodeIgniter->runController(Object(App\Controllers\Pqrs))
#8 C:\xampp\htdocs\plataforma-gemaweb\system\CodeIgniter.php(326): CodeIgniter\CodeIgniter->handleRequest(NULL, Object(Config\Cache), false)
#9 C:\xampp\htdocs\plataforma-gemaweb\public\index.php(37): CodeIgniter\CodeIgniter->run()
#10 {main}
CRITICAL - 2022-05-31 08:02:37 --> require_once(../componentes/head.php): Failed to open stream: No such file or directory
#0 C:\xampp\htdocs\plataforma-gemaweb\app\Views\prestadores\pqrs.php(8): CodeIgniter\Debug\Exceptions->errorHandler(2, 'require_once(.....', 'C:\\xampp\\htdocs...', 8)
#1 C:\xampp\htdocs\plataforma-gemaweb\app\Views\prestadores\pqrs.php(8): require_once()
#2 C:\xampp\htdocs\plataforma-gemaweb\system\View\View.php(210): include('C:\\xampp\\htdocs...')
#3 C:\xampp\htdocs\plataforma-gemaweb\system\View\View.php(213): CodeIgniter\View\View->CodeIgniter\View\{closure}()
#4 C:\xampp\htdocs\plataforma-gemaweb\system\Common.php(1089): CodeIgniter\View\View->render('prestadores/pqr...', Array, true)
#5 C:\xampp\htdocs\plataforma-gemaweb\app\Controllers\Pqrs.php(14): view('prestadores/pqr...')
#6 C:\xampp\htdocs\plataforma-gemaweb\system\CodeIgniter.php(832): App\Controllers\Pqrs->index()
#7 C:\xampp\htdocs\plataforma-gemaweb\system\CodeIgniter.php(419): CodeIgniter\CodeIgniter->runController(Object(App\Controllers\Pqrs))
#8 C:\xampp\htdocs\plataforma-gemaweb\system\CodeIgniter.php(326): CodeIgniter\CodeIgniter->handleRequest(NULL, Object(Config\Cache), false)
#9 C:\xampp\htdocs\plataforma-gemaweb\public\index.php(37): CodeIgniter\CodeIgniter->run()
#10 {main}
CRITICAL - 2022-05-31 08:02:39 --> require_once(../componentes/head.php): Failed to open stream: No such file or directory
#0 C:\xampp\htdocs\plataforma-gemaweb\app\Views\prestadores\pqrs.php(8): CodeIgniter\Debug\Exceptions->errorHandler(2, 'require_once(.....', 'C:\\xampp\\htdocs...', 8)
#1 C:\xampp\htdocs\plataforma-gemaweb\app\Views\prestadores\pqrs.php(8): require_once()
#2 C:\xampp\htdocs\plataforma-gemaweb\system\View\View.php(210): include('C:\\xampp\\htdocs...')
#3 C:\xampp\htdocs\plataforma-gemaweb\system\View\View.php(213): CodeIgniter\View\View->CodeIgniter\View\{closure}()
#4 C:\xampp\htdocs\plataforma-gemaweb\system\Common.php(1089): CodeIgniter\View\View->render('prestadores/pqr...', Array, true)
#5 C:\xampp\htdocs\plataforma-gemaweb\app\Controllers\Pqrs.php(14): view('prestadores/pqr...')
#6 C:\xampp\htdocs\plataforma-gemaweb\system\CodeIgniter.php(832): App\Controllers\Pqrs->index()
#7 C:\xampp\htdocs\plataforma-gemaweb\system\CodeIgniter.php(419): CodeIgniter\CodeIgniter->runController(Object(App\Controllers\Pqrs))
#8 C:\xampp\htdocs\plataforma-gemaweb\system\CodeIgniter.php(326): CodeIgniter\CodeIgniter->handleRequest(NULL, Object(Config\Cache), false)
#9 C:\xampp\htdocs\plataforma-gemaweb\public\index.php(37): CodeIgniter\CodeIgniter->run()
#10 {main}
CRITICAL - 2022-05-31 08:02:59 --> require_once(../componentes/head.php): Failed to open stream: No such file or directory
#0 C:\xampp\htdocs\plataforma-gemaweb\app\Views\prestadores\pqrs.php(8): CodeIgniter\Debug\Exceptions->errorHandler(2, 'require_once(.....', 'C:\\xampp\\htdocs...', 8)
#1 C:\xampp\htdocs\plataforma-gemaweb\app\Views\prestadores\pqrs.php(8): require_once()
#2 C:\xampp\htdocs\plataforma-gemaweb\system\View\View.php(210): include('C:\\xampp\\htdocs...')
#3 C:\xampp\htdocs\plataforma-gemaweb\system\View\View.php(213): CodeIgniter\View\View->CodeIgniter\View\{closure}()
#4 C:\xampp\htdocs\plataforma-gemaweb\system\Common.php(1089): CodeIgniter\View\View->render('prestadores/pqr...', Array, true)
#5 C:\xampp\htdocs\plataforma-gemaweb\app\Controllers\Pqrs.php(14): view('prestadores/pqr...')
#6 C:\xampp\htdocs\plataforma-gemaweb\system\CodeIgniter.php(832): App\Controllers\Pqrs->index()
#7 C:\xampp\htdocs\plataforma-gemaweb\system\CodeIgniter.php(419): CodeIgniter\CodeIgniter->runController(Object(App\Controllers\Pqrs))
#8 C:\xampp\htdocs\plataforma-gemaweb\system\CodeIgniter.php(326): CodeIgniter\CodeIgniter->handleRequest(NULL, Object(Config\Cache), false)
#9 C:\xampp\htdocs\plataforma-gemaweb\public\index.php(37): CodeIgniter\CodeIgniter->run()
#10 {main}
CRITICAL - 2022-05-31 08:03:11 --> require_once(../componentes/head.php): Failed to open stream: No such file or directory
#0 C:\xampp\htdocs\plataforma-gemaweb\app\Views\prestadores\pqrs.php(8): CodeIgniter\Debug\Exceptions->errorHandler(2, 'require_once(.....', 'C:\\xampp\\htdocs...', 8)
#1 C:\xampp\htdocs\plataforma-gemaweb\app\Views\prestadores\pqrs.php(8): require_once()
#2 C:\xampp\htdocs\plataforma-gemaweb\system\View\View.php(210): include('C:\\xampp\\htdocs...')
#3 C:\xampp\htdocs\plataforma-gemaweb\system\View\View.php(213): CodeIgniter\View\View->CodeIgniter\View\{closure}()
#4 C:\xampp\htdocs\plataforma-gemaweb\system\Common.php(1089): CodeIgniter\View\View->render('prestadores/pqr...', Array, true)
#5 C:\xampp\htdocs\plataforma-gemaweb\app\Controllers\Pqrs.php(14): view('prestadores/pqr...')
#6 C:\xampp\htdocs\plataforma-gemaweb\system\CodeIgniter.php(832): App\Controllers\Pqrs->index()
#7 C:\xampp\htdocs\plataforma-gemaweb\system\CodeIgniter.php(419): CodeIgniter\CodeIgniter->runController(Object(App\Controllers\Pqrs))
#8 C:\xampp\htdocs\plataforma-gemaweb\system\CodeIgniter.php(326): CodeIgniter\CodeIgniter->handleRequest(NULL, Object(Config\Cache), false)
#9 C:\xampp\htdocs\plataforma-gemaweb\public\index.php(37): CodeIgniter\CodeIgniter->run()
#10 {main}
CRITICAL - 2022-05-31 08:03:11 --> require_once(../componentes/head.php): Failed to open stream: No such file or directory
#0 C:\xampp\htdocs\plataforma-gemaweb\app\Views\prestadores\pqrs.php(8): CodeIgniter\Debug\Exceptions->errorHandler(2, 'require_once(.....', 'C:\\xampp\\htdocs...', 8)
#1 C:\xampp\htdocs\plataforma-gemaweb\app\Views\prestadores\pqrs.php(8): require_once()
#2 C:\xampp\htdocs\plataforma-gemaweb\system\View\View.php(210): include('C:\\xampp\\htdocs...')
#3 C:\xampp\htdocs\plataforma-gemaweb\system\View\View.php(213): CodeIgniter\View\View->CodeIgniter\View\{closure}()
#4 C:\xampp\htdocs\plataforma-gemaweb\system\Common.php(1089): CodeIgniter\View\View->render('prestadores/pqr...', Array, true)
#5 C:\xampp\htdocs\plataforma-gemaweb\app\Controllers\Pqrs.php(14): view('prestadores/pqr...')
#6 C:\xampp\htdocs\plataforma-gemaweb\system\CodeIgniter.php(832): App\Controllers\Pqrs->index()
#7 C:\xampp\htdocs\plataforma-gemaweb\system\CodeIgniter.php(419): CodeIgniter\CodeIgniter->runController(Object(App\Controllers\Pqrs))
#8 C:\xampp\htdocs\plataforma-gemaweb\system\CodeIgniter.php(326): CodeIgniter\CodeIgniter->handleRequest(NULL, Object(Config\Cache), false)
#9 C:\xampp\htdocs\plataforma-gemaweb\public\index.php(37): CodeIgniter\CodeIgniter->run()
#10 {main}
CRITICAL - 2022-05-31 08:03:12 --> require_once(../componentes/head.php): Failed to open stream: No such file or directory
#0 C:\xampp\htdocs\plataforma-gemaweb\app\Views\prestadores\pqrs.php(8): CodeIgniter\Debug\Exceptions->errorHandler(2, 'require_once(.....', 'C:\\xampp\\htdocs...', 8)
#1 C:\xampp\htdocs\plataforma-gemaweb\app\Views\prestadores\pqrs.php(8): require_once()
#2 C:\xampp\htdocs\plataforma-gemaweb\system\View\View.php(210): include('C:\\xampp\\htdocs...')
#3 C:\xampp\htdocs\plataforma-gemaweb\system\View\View.php(213): CodeIgniter\View\View->CodeIgniter\View\{closure}()
#4 C:\xampp\htdocs\plataforma-gemaweb\system\Common.php(1089): CodeIgniter\View\View->render('prestadores/pqr...', Array, true)
#5 C:\xampp\htdocs\plataforma-gemaweb\app\Controllers\Pqrs.php(14): view('prestadores/pqr...')
#6 C:\xampp\htdocs\plataforma-gemaweb\system\CodeIgniter.php(832): App\Controllers\Pqrs->index()
#7 C:\xampp\htdocs\plataforma-gemaweb\system\CodeIgniter.php(419): CodeIgniter\CodeIgniter->runController(Object(App\Controllers\Pqrs))
#8 C:\xampp\htdocs\plataforma-gemaweb\system\CodeIgniter.php(326): CodeIgniter\CodeIgniter->handleRequest(NULL, Object(Config\Cache), false)
#9 C:\xampp\htdocs\plataforma-gemaweb\public\index.php(37): CodeIgniter\CodeIgniter->run()
#10 {main}
CRITICAL - 2022-05-31 08:03:39 --> require_once(../componentes/head.php): Failed to open stream: No such file or directory
#0 C:\xampp\htdocs\plataforma-gemaweb\app\Views\prestadores\pqrs.php(8): CodeIgniter\Debug\Exceptions->errorHandler(2, 'require_once(.....', 'C:\\xampp\\htdocs...', 8)
#1 C:\xampp\htdocs\plataforma-gemaweb\app\Views\prestadores\pqrs.php(8): require_once()
#2 C:\xampp\htdocs\plataforma-gemaweb\system\View\View.php(210): include('C:\\xampp\\htdocs...')
#3 C:\xampp\htdocs\plataforma-gemaweb\system\View\View.php(213): CodeIgniter\View\View->CodeIgniter\View\{closure}()
#4 C:\xampp\htdocs\plataforma-gemaweb\system\Common.php(1089): CodeIgniter\View\View->render('prestadores/pqr...', Array, true)
#5 C:\xampp\htdocs\plataforma-gemaweb\app\Controllers\Pqrs.php(14): view('prestadores/pqr...')
#6 C:\xampp\htdocs\plataforma-gemaweb\system\CodeIgniter.php(832): App\Controllers\Pqrs->index()
#7 C:\xampp\htdocs\plataforma-gemaweb\system\CodeIgniter.php(419): CodeIgniter\CodeIgniter->runController(Object(App\Controllers\Pqrs))
#8 C:\xampp\htdocs\plataforma-gemaweb\system\CodeIgniter.php(326): CodeIgniter\CodeIgniter->handleRequest(NULL, Object(Config\Cache), false)
#9 C:\xampp\htdocs\plataforma-gemaweb\public\index.php(37): CodeIgniter\CodeIgniter->run()
#10 {main}
CRITICAL - 2022-05-31 08:04:02 --> require_once(../componentes/head.php): Failed to open stream: No such file or directory
#0 C:\xampp\htdocs\plataforma-gemaweb\app\Views\prestadores\pqrs.php(8): CodeIgniter\Debug\Exceptions->errorHandler(2, 'require_once(.....', 'C:\\xampp\\htdocs...', 8)
#1 C:\xampp\htdocs\plataforma-gemaweb\app\Views\prestadores\pqrs.php(8): require_once()
#2 C:\xampp\htdocs\plataforma-gemaweb\system\View\View.php(210): include('C:\\xampp\\htdocs...')
#3 C:\xampp\htdocs\plataforma-gemaweb\system\View\View.php(213): CodeIgniter\View\View->CodeIgniter\View\{closure}()
#4 C:\xampp\htdocs\plataforma-gemaweb\system\Common.php(1089): CodeIgniter\View\View->render('prestadores/pqr...', Array, true)
#5 C:\xampp\htdocs\plataforma-gemaweb\app\Controllers\Pqrs.php(14): view('prestadores/pqr...')
#6 C:\xampp\htdocs\plataforma-gemaweb\system\CodeIgniter.php(832): App\Controllers\Pqrs->index()
#7 C:\xampp\htdocs\plataforma-gemaweb\system\CodeIgniter.php(419): CodeIgniter\CodeIgniter->runController(Object(App\Controllers\Pqrs))
#8 C:\xampp\htdocs\plataforma-gemaweb\system\CodeIgniter.php(326): CodeIgniter\CodeIgniter->handleRequest(NULL, Object(Config\Cache), false)
#9 C:\xampp\htdocs\plataforma-gemaweb\public\index.php(37): CodeIgniter\CodeIgniter->run()
#10 {main}
CRITICAL - 2022-05-31 08:04:16 --> require_once(../componentes/head.php): Failed to open stream: No such file or directory
#0 C:\xampp\htdocs\plataforma-gemaweb\app\Views\prestadores\pqrs.php(8): CodeIgniter\Debug\Exceptions->errorHandler(2, 'require_once(.....', 'C:\\xampp\\htdocs...', 8)
#1 C:\xampp\htdocs\plataforma-gemaweb\app\Views\prestadores\pqrs.php(8): require_once()
#2 C:\xampp\htdocs\plataforma-gemaweb\system\View\View.php(210): include('C:\\xampp\\htdocs...')
#3 C:\xampp\htdocs\plataforma-gemaweb\system\View\View.php(213): CodeIgniter\View\View->CodeIgniter\View\{closure}()
#4 C:\xampp\htdocs\plataforma-gemaweb\system\Common.php(1089): CodeIgniter\View\View->render('prestadores/pqr...', Array, true)
#5 C:\xampp\htdocs\plataforma-gemaweb\app\Controllers\Pqrs.php(14): view('prestadores/pqr...')
#6 C:\xampp\htdocs\plataforma-gemaweb\system\CodeIgniter.php(832): App\Controllers\Pqrs->index()
#7 C:\xampp\htdocs\plataforma-gemaweb\system\CodeIgniter.php(419): CodeIgniter\CodeIgniter->runController(Object(App\Controllers\Pqrs))
#8 C:\xampp\htdocs\plataforma-gemaweb\system\CodeIgniter.php(326): CodeIgniter\CodeIgniter->handleRequest(NULL, Object(Config\Cache), false)
#9 C:\xampp\htdocs\plataforma-gemaweb\public\index.php(37): CodeIgniter\CodeIgniter->run()
#10 {main}
CRITICAL - 2022-05-31 08:04:17 --> require_once(../componentes/head.php): Failed to open stream: No such file or directory
#0 C:\xampp\htdocs\plataforma-gemaweb\app\Views\prestadores\pqrs.php(8): CodeIgniter\Debug\Exceptions->errorHandler(2, 'require_once(.....', 'C:\\xampp\\htdocs...', 8)
#1 C:\xampp\htdocs\plataforma-gemaweb\app\Views\prestadores\pqrs.php(8): require_once()
#2 C:\xampp\htdocs\plataforma-gemaweb\system\View\View.php(210): include('C:\\xampp\\htdocs...')
#3 C:\xampp\htdocs\plataforma-gemaweb\system\View\View.php(213): CodeIgniter\View\View->CodeIgniter\View\{closure}()
#4 C:\xampp\htdocs\plataforma-gemaweb\system\Common.php(1089): CodeIgniter\View\View->render('prestadores/pqr...', Array, true)
#5 C:\xampp\htdocs\plataforma-gemaweb\app\Controllers\Pqrs.php(14): view('prestadores/pqr...')
#6 C:\xampp\htdocs\plataforma-gemaweb\system\CodeIgniter.php(832): App\Controllers\Pqrs->index()
#7 C:\xampp\htdocs\plataforma-gemaweb\system\CodeIgniter.php(419): CodeIgniter\CodeIgniter->runController(Object(App\Controllers\Pqrs))
#8 C:\xampp\htdocs\plataforma-gemaweb\system\CodeIgniter.php(326): CodeIgniter\CodeIgniter->handleRequest(NULL, Object(Config\Cache), false)
#9 C:\xampp\htdocs\plataforma-gemaweb\public\index.php(37): CodeIgniter\CodeIgniter->run()
#10 {main}
CRITICAL - 2022-05-31 08:04:17 --> require_once(../componentes/head.php): Failed to open stream: No such file or directory
#0 C:\xampp\htdocs\plataforma-gemaweb\app\Views\prestadores\pqrs.php(8): CodeIgniter\Debug\Exceptions->errorHandler(2, 'require_once(.....', 'C:\\xampp\\htdocs...', 8)
#1 C:\xampp\htdocs\plataforma-gemaweb\app\Views\prestadores\pqrs.php(8): require_once()
#2 C:\xampp\htdocs\plataforma-gemaweb\system\View\View.php(210): include('C:\\xampp\\htdocs...')
#3 C:\xampp\htdocs\plataforma-gemaweb\system\View\View.php(213): CodeIgniter\View\View->CodeIgniter\View\{closure}()
#4 C:\xampp\htdocs\plataforma-gemaweb\system\Common.php(1089): CodeIgniter\View\View->render('prestadores/pqr...', Array, true)
#5 C:\xampp\htdocs\plataforma-gemaweb\app\Controllers\Pqrs.php(14): view('prestadores/pqr...')
#6 C:\xampp\htdocs\plataforma-gemaweb\system\CodeIgniter.php(832): App\Controllers\Pqrs->index()
#7 C:\xampp\htdocs\plataforma-gemaweb\system\CodeIgniter.php(419): CodeIgniter\CodeIgniter->runController(Object(App\Controllers\Pqrs))
#8 C:\xampp\htdocs\plataforma-gemaweb\system\CodeIgniter.php(326): CodeIgniter\CodeIgniter->handleRequest(NULL, Object(Config\Cache), false)
#9 C:\xampp\htdocs\plataforma-gemaweb\public\index.php(37): CodeIgniter\CodeIgniter->run()
#10 {main}
CRITICAL - 2022-05-31 08:42:24 --> require_once(componentes/head.php): Failed to open stream: No such file or directory
#0 C:\xampp\htdocs\plataforma-gemaweb\app\Views\login.php(8): CodeIgniter\Debug\Exceptions->errorHandler(2, 'require_once(co...', 'C:\\xampp\\htdocs...', 8)
#1 C:\xampp\htdocs\plataforma-gemaweb\app\Views\login.php(8): require_once()
#2 C:\xampp\htdocs\plataforma-gemaweb\system\View\View.php(210): include('C:\\xampp\\htdocs...')
#3 C:\xampp\htdocs\plataforma-gemaweb\system\View\View.php(213): CodeIgniter\View\View->CodeIgniter\View\{closure}()
#4 C:\xampp\htdocs\plataforma-gemaweb\system\Common.php(1089): CodeIgniter\View\View->render('login', Array, true)
#5 C:\xampp\htdocs\plataforma-gemaweb\app\Controllers\Login.php(7): view('login')
#6 C:\xampp\htdocs\plataforma-gemaweb\system\CodeIgniter.php(832): App\Controllers\Login->index()
#7 C:\xampp\htdocs\plataforma-gemaweb\system\CodeIgniter.php(419): CodeIgniter\CodeIgniter->runController(Object(App\Controllers\Login))
#8 C:\xampp\htdocs\plataforma-gemaweb\system\CodeIgniter.php(326): CodeIgniter\CodeIgniter->handleRequest(NULL, Object(Config\Cache), false)
#9 C:\xampp\htdocs\plataforma-gemaweb\public\index.php(37): CodeIgniter\CodeIgniter->run()
#10 {main}
CRITICAL - 2022-05-31 08:42:40 --> require_once(componentes/head.php): Failed to open stream: No such file or directory
#0 C:\xampp\htdocs\plataforma-gemaweb\app\Views\login.php(8): CodeIgniter\Debug\Exceptions->errorHandler(2, 'require_once(co...', 'C:\\xampp\\htdocs...', 8)
#1 C:\xampp\htdocs\plataforma-gemaweb\app\Views\login.php(8): require_once()
#2 C:\xampp\htdocs\plataforma-gemaweb\system\View\View.php(210): include('C:\\xampp\\htdocs...')
#3 C:\xampp\htdocs\plataforma-gemaweb\system\View\View.php(213): CodeIgniter\View\View->CodeIgniter\View\{closure}()
#4 C:\xampp\htdocs\plataforma-gemaweb\system\Common.php(1089): CodeIgniter\View\View->render('login', Array, true)
#5 C:\xampp\htdocs\plataforma-gemaweb\app\Controllers\Login.php(7): view('login')
#6 C:\xampp\htdocs\plataforma-gemaweb\system\CodeIgniter.php(832): App\Controllers\Login->index()
#7 C:\xampp\htdocs\plataforma-gemaweb\system\CodeIgniter.php(419): CodeIgniter\CodeIgniter->runController(Object(App\Controllers\Login))
#8 C:\xampp\htdocs\plataforma-gemaweb\system\CodeIgniter.php(326): CodeIgniter\CodeIgniter->handleRequest(NULL, Object(Config\Cache), false)
#9 C:\xampp\htdocs\plataforma-gemaweb\public\index.php(37): CodeIgniter\CodeIgniter->run()
#10 {main}
CRITICAL - 2022-05-31 08:43:06 --> require_once(componentes/head.php): Failed to open stream: No such file or directory
#0 C:\xampp\htdocs\plataforma-gemaweb\app\Views\login.php(8): CodeIgniter\Debug\Exceptions->errorHandler(2, 'require_once(co...', 'C:\\xampp\\htdocs...', 8)
#1 C:\xampp\htdocs\plataforma-gemaweb\app\Views\login.php(8): require_once()
#2 C:\xampp\htdocs\plataforma-gemaweb\system\View\View.php(210): include('C:\\xampp\\htdocs...')
#3 C:\xampp\htdocs\plataforma-gemaweb\system\View\View.php(213): CodeIgniter\View\View->CodeIgniter\View\{closure}()
#4 C:\xampp\htdocs\plataforma-gemaweb\system\Common.php(1089): CodeIgniter\View\View->render('login', Array, true)
#5 C:\xampp\htdocs\plataforma-gemaweb\app\Controllers\Login.php(7): view('login')
#6 C:\xampp\htdocs\plataforma-gemaweb\system\CodeIgniter.php(832): App\Controllers\Login->index()
#7 C:\xampp\htdocs\plataforma-gemaweb\system\CodeIgniter.php(419): CodeIgniter\CodeIgniter->runController(Object(App\Controllers\Login))
#8 C:\xampp\htdocs\plataforma-gemaweb\system\CodeIgniter.php(326): CodeIgniter\CodeIgniter->handleRequest(NULL, Object(Config\Cache), false)
#9 C:\xampp\htdocs\plataforma-gemaweb\public\index.php(37): CodeIgniter\CodeIgniter->run()
#10 {main}
CRITICAL - 2022-05-31 08:43:12 --> require_once(componentes/head.php): Failed to open stream: No such file or directory
#0 C:\xampp\htdocs\plataforma-gemaweb\app\Views\login.php(8): CodeIgniter\Debug\Exceptions->errorHandler(2, 'require_once(co...', 'C:\\xampp\\htdocs...', 8)
#1 C:\xampp\htdocs\plataforma-gemaweb\app\Views\login.php(8): require_once()
#2 C:\xampp\htdocs\plataforma-gemaweb\system\View\View.php(210): include('C:\\xampp\\htdocs...')
#3 C:\xampp\htdocs\plataforma-gemaweb\system\View\View.php(213): CodeIgniter\View\View->CodeIgniter\View\{closure}()
#4 C:\xampp\htdocs\plataforma-gemaweb\system\Common.php(1089): CodeIgniter\View\View->render('login', Array, true)
#5 C:\xampp\htdocs\plataforma-gemaweb\app\Controllers\Login.php(7): view('login')
#6 C:\xampp\htdocs\plataforma-gemaweb\system\CodeIgniter.php(832): App\Controllers\Login->index()
#7 C:\xampp\htdocs\plataforma-gemaweb\system\CodeIgniter.php(419): CodeIgniter\CodeIgniter->runController(Object(App\Controllers\Login))
#8 C:\xampp\htdocs\plataforma-gemaweb\system\CodeIgniter.php(326): CodeIgniter\CodeIgniter->handleRequest(NULL, Object(Config\Cache), false)
#9 C:\xampp\htdocs\plataforma-gemaweb\public\index.php(37): CodeIgniter\CodeIgniter->run()
#10 {main}
CRITICAL - 2022-05-31 13:56:23 --> Undefined property: CodeIgniter\Database\SQLSRV\Result::$getResult
#0 C:\xampp\htdocs\plataforma-gemaweb\app\Views\gemaweb\referencia_remision.php(95): CodeIgniter\Debug\Exceptions->errorHandler(2, 'Undefined prope...', 'C:\\xampp\\htdocs...', 95)
#1 C:\xampp\htdocs\plataforma-gemaweb\system\View\View.php(210): include('C:\\xampp\\htdocs...')
#2 C:\xampp\htdocs\plataforma-gemaweb\system\View\View.php(213): CodeIgniter\View\View->CodeIgniter\View\{closure}()
#3 C:\xampp\htdocs\plataforma-gemaweb\system\Common.php(1089): CodeIgniter\View\View->render('gemaweb/referen...', Array, true)
#4 C:\xampp\htdocs\plataforma-gemaweb\app\Controllers\Contrareferencia.php(16): view('gemaweb/referen...', Array)
#5 C:\xampp\htdocs\plataforma-gemaweb\system\CodeIgniter.php(832): App\Controllers\Contrareferencia->index()
#6 C:\xampp\htdocs\plataforma-gemaweb\system\CodeIgniter.php(419): CodeIgniter\CodeIgniter->runController(Object(App\Controllers\Contrareferencia))
#7 C:\xampp\htdocs\plataforma-gemaweb\system\CodeIgniter.php(326): CodeIgniter\CodeIgniter->handleRequest(NULL, Object(Config\Cache), false)
#8 C:\xampp\htdocs\plataforma-gemaweb\public\index.php(37): CodeIgniter\CodeIgniter->run()
#9 {main}
CRITICAL - 2022-05-31 13:56:33 --> Undefined property: CodeIgniter\Database\SQLSRV\Result::$getResult
#0 C:\xampp\htdocs\plataforma-gemaweb\app\Views\gemaweb\referencia_remision.php(95): CodeIgniter\Debug\Exceptions->errorHandler(2, 'Undefined prope...', 'C:\\xampp\\htdocs...', 95)
#1 C:\xampp\htdocs\plataforma-gemaweb\system\View\View.php(210): include('C:\\xampp\\htdocs...')
#2 C:\xampp\htdocs\plataforma-gemaweb\system\View\View.php(213): CodeIgniter\View\View->CodeIgniter\View\{closure}()
#3 C:\xampp\htdocs\plataforma-gemaweb\system\Common.php(1089): CodeIgniter\View\View->render('gemaweb/referen...', Array, true)
#4 C:\xampp\htdocs\plataforma-gemaweb\app\Controllers\Contrareferencia.php(16): view('gemaweb/referen...', Array)
#5 C:\xampp\htdocs\plataforma-gemaweb\system\CodeIgniter.php(832): App\Controllers\Contrareferencia->index()
#6 C:\xampp\htdocs\plataforma-gemaweb\system\CodeIgniter.php(419): CodeIgniter\CodeIgniter->runController(Object(App\Controllers\Contrareferencia))
#7 C:\xampp\htdocs\plataforma-gemaweb\system\CodeIgniter.php(326): CodeIgniter\CodeIgniter->handleRequest(NULL, Object(Config\Cache), false)
#8 C:\xampp\htdocs\plataforma-gemaweb\public\index.php(37): CodeIgniter\CodeIgniter->run()
#9 {main}
CRITICAL - 2022-05-31 13:56:47 --> Undefined property: CodeIgniter\Database\SQLSRV\Result::$getResult
#0 C:\xampp\htdocs\plataforma-gemaweb\app\Views\gemaweb\referencia_remision.php(95): CodeIgniter\Debug\Exceptions->errorHandler(2, 'Undefined prope...', 'C:\\xampp\\htdocs...', 95)
#1 C:\xampp\htdocs\plataforma-gemaweb\system\View\View.php(210): include('C:\\xampp\\htdocs...')
#2 C:\xampp\htdocs\plataforma-gemaweb\system\View\View.php(213): CodeIgniter\View\View->CodeIgniter\View\{closure}()
#3 C:\xampp\htdocs\plataforma-gemaweb\system\Common.php(1089): CodeIgniter\View\View->render('gemaweb/referen...', Array, true)
#4 C:\xampp\htdocs\plataforma-gemaweb\app\Controllers\Contrareferencia.php(16): view('gemaweb/referen...', Array)
#5 C:\xampp\htdocs\plataforma-gemaweb\system\CodeIgniter.php(832): App\Controllers\Contrareferencia->index()
#6 C:\xampp\htdocs\plataforma-gemaweb\system\CodeIgniter.php(419): CodeIgniter\CodeIgniter->runController(Object(App\Controllers\Contrareferencia))
#7 C:\xampp\htdocs\plataforma-gemaweb\system\CodeIgniter.php(326): CodeIgniter\CodeIgniter->handleRequest(NULL, Object(Config\Cache), false)
#8 C:\xampp\htdocs\plataforma-gemaweb\public\index.php(37): CodeIgniter\CodeIgniter->run()
#9 {main}
CRITICAL - 2022-05-31 13:57:04 --> Undefined property: CodeIgniter\Database\SQLSRV\Result::$NOM_SEXO
#0 C:\xampp\htdocs\plataforma-gemaweb\app\Views\gemaweb\referencia_remision.php(96): CodeIgniter\Debug\Exceptions->errorHandler(2, 'Undefined prope...', 'C:\\xampp\\htdocs...', 96)
#1 C:\xampp\htdocs\plataforma-gemaweb\system\View\View.php(210): include('C:\\xampp\\htdocs...')
#2 C:\xampp\htdocs\plataforma-gemaweb\system\View\View.php(213): CodeIgniter\View\View->CodeIgniter\View\{closure}()
#3 C:\xampp\htdocs\plataforma-gemaweb\system\Common.php(1089): CodeIgniter\View\View->render('gemaweb/referen...', Array, true)
#4 C:\xampp\htdocs\plataforma-gemaweb\app\Controllers\Contrareferencia.php(16): view('gemaweb/referen...', Array)
#5 C:\xampp\htdocs\plataforma-gemaweb\system\CodeIgniter.php(832): App\Controllers\Contrareferencia->index()
#6 C:\xampp\htdocs\plataforma-gemaweb\system\CodeIgniter.php(419): CodeIgniter\CodeIgniter->runController(Object(App\Controllers\Contrareferencia))
#7 C:\xampp\htdocs\plataforma-gemaweb\system\CodeIgniter.php(326): CodeIgniter\CodeIgniter->handleRequest(NULL, Object(Config\Cache), false)
#8 C:\xampp\htdocs\plataforma-gemaweb\public\index.php(37): CodeIgniter\CodeIgniter->run()
#9 {main}
CRITICAL - 2022-05-31 13:57:18 --> Undefined property: CodeIgniter\Database\SQLSRV\Result::$NOM_SEXO
#0 C:\xampp\htdocs\plataforma-gemaweb\app\Views\gemaweb\referencia_remision.php(96): CodeIgniter\Debug\Exceptions->errorHandler(2, 'Undefined prope...', 'C:\\xampp\\htdocs...', 96)
#1 C:\xampp\htdocs\plataforma-gemaweb\system\View\View.php(210): include('C:\\xampp\\htdocs...')
#2 C:\xampp\htdocs\plataforma-gemaweb\system\View\View.php(213): CodeIgniter\View\View->CodeIgniter\View\{closure}()
#3 C:\xampp\htdocs\plataforma-gemaweb\system\Common.php(1089): CodeIgniter\View\View->render('gemaweb/referen...', Array, true)
#4 C:\xampp\htdocs\plataforma-gemaweb\app\Controllers\Contrareferencia.php(16): view('gemaweb/referen...', Array)
#5 C:\xampp\htdocs\plataforma-gemaweb\system\CodeIgniter.php(832): App\Controllers\Contrareferencia->index()
#6 C:\xampp\htdocs\plataforma-gemaweb\system\CodeIgniter.php(419): CodeIgniter\CodeIgniter->runController(Object(App\Controllers\Contrareferencia))
#7 C:\xampp\htdocs\plataforma-gemaweb\system\CodeIgniter.php(326): CodeIgniter\CodeIgniter->handleRequest(NULL, Object(Config\Cache), false)
#8 C:\xampp\htdocs\plataforma-gemaweb\public\index.php(37): CodeIgniter\CodeIgniter->run()
#9 {main}
CRITICAL - 2022-05-31 13:57:19 --> Undefined property: CodeIgniter\Database\SQLSRV\Result::$NOM_SEXO
#0 C:\xampp\htdocs\plataforma-gemaweb\app\Views\gemaweb\referencia_remision.php(96): CodeIgniter\Debug\Exceptions->errorHandler(2, 'Undefined prope...', 'C:\\xampp\\htdocs...', 96)
#1 C:\xampp\htdocs\plataforma-gemaweb\system\View\View.php(210): include('C:\\xampp\\htdocs...')
#2 C:\xampp\htdocs\plataforma-gemaweb\system\View\View.php(213): CodeIgniter\View\View->CodeIgniter\View\{closure}()
#3 C:\xampp\htdocs\plataforma-gemaweb\system\Common.php(1089): CodeIgniter\View\View->render('gemaweb/referen...', Array, true)
#4 C:\xampp\htdocs\plataforma-gemaweb\app\Controllers\Contrareferencia.php(16): view('gemaweb/referen...', Array)
#5 C:\xampp\htdocs\plataforma-gemaweb\system\CodeIgniter.php(832): App\Controllers\Contrareferencia->index()
#6 C:\xampp\htdocs\plataforma-gemaweb\system\CodeIgniter.php(419): CodeIgniter\CodeIgniter->runController(Object(App\Controllers\Contrareferencia))
#7 C:\xampp\htdocs\plataforma-gemaweb\system\CodeIgniter.php(326): CodeIgniter\CodeIgniter->handleRequest(NULL, Object(Config\Cache), false)
#8 C:\xampp\htdocs\plataforma-gemaweb\public\index.php(37): CodeIgniter\CodeIgniter->run()
#9 {main}
ERROR - 2022-05-31 14:12:05 --> Memory limit of 10240 KB exceeded for buffered query
ERROR - 2022-05-31 14:12:05 --> Memory limit of 10240 KB exceeded for buffered query
ERROR - 2022-05-31 14:15:32 --> Memory limit of 10240 KB exceeded for buffered query
ERROR - 2022-05-31 14:15:32 --> Memory limit of 10240 KB exceeded for buffered query
ERROR - 2022-05-31 14:15:38 --> Memory limit of 10240 KB exceeded for buffered query
ERROR - 2022-05-31 14:15:38 --> Memory limit of 10240 KB exceeded for buffered query
ERROR - 2022-05-31 14:15:40 --> Memory limit of 10240 KB exceeded for buffered query
ERROR - 2022-05-31 14:15:40 --> Memory limit of 10240 KB exceeded for buffered query
ERROR - 2022-05-31 14:15:50 --> Memory limit of 10240 KB exceeded for buffered query
ERROR - 2022-05-31 14:15:50 --> Memory limit of 10240 KB exceeded for buffered query
ERROR - 2022-05-31 14:15:58 --> Memory limit of 10240 KB exceeded for buffered query
ERROR - 2022-05-31 14:15:58 --> Memory limit of 10240 KB exceeded for buffered query
ERROR - 2022-05-31 14:16:27 --> Memory limit of 10240 KB exceeded for buffered query
ERROR - 2022-05-31 14:16:27 --> Memory limit of 10240 KB exceeded for buffered query
ERROR - 2022-05-31 14:17:20 --> Memory limit of 10240 KB exceeded for buffered query
ERROR - 2022-05-31 14:17:20 --> Memory limit of 10240 KB exceeded for buffered query
ERROR - 2022-05-31 15:40:31 --> Memory limit of 10240 KB exceeded for buffered query
ERROR - 2022-05-31 15:40:31 --> Memory limit of 10240 KB exceeded for buffered query
ERROR - 2022-05-31 15:40:52 --> Memory limit of 10240 KB exceeded for buffered query
ERROR - 2022-05-31 15:40:52 --> Memory limit of 10240 KB exceeded for buffered query
ERROR - 2022-05-31 15:40:56 --> Memory limit of 10240 KB exceeded for buffered query
ERROR - 2022-05-31 15:40:57 --> Memory limit of 10240 KB exceeded for buffered query
ERROR - 2022-05-31 15:44:31 --> Memory limit of 10240 KB exceeded for buffered query
ERROR - 2022-05-31 15:44:31 --> Memory limit of 10240 KB exceeded for buffered query
ERROR - 2022-05-31 15:44:51 --> Memory limit of 10240 KB exceeded for buffered query
ERROR - 2022-05-31 15:44:51 --> Memory limit of 10240 KB exceeded for buffered query
ERROR - 2022-05-31 15:45:15 --> Memory limit of 10240 KB exceeded for buffered query
ERROR - 2022-05-31 15:45:15 --> Memory limit of 10240 KB exceeded for buffered query
ERROR - 2022-05-31 15:45:39 --> Memory limit of 10240 KB exceeded for buffered query
ERROR - 2022-05-31 15:45:39 --> Memory limit of 10240 KB exceeded for buffered query
ERROR - 2022-05-31 15:45:44 --> Memory limit of 10240 KB exceeded for buffered query
ERROR - 2022-05-31 15:45:44 --> Memory limit of 10240 KB exceeded for buffered query
ERROR - 2022-05-31 15:45:53 --> Memory limit of 10240 KB exceeded for buffered query
ERROR - 2022-05-31 15:45:53 --> Memory limit of 10240 KB exceeded for buffered query
ERROR - 2022-05-31 15:46:05 --> Memory limit of 10240 KB exceeded for buffered query
ERROR - 2022-05-31 15:46:05 --> Memory limit of 10240 KB exceeded for buffered query
ERROR - 2022-05-31 15:46:41 --> Memory limit of 10240 KB exceeded for buffered query
ERROR - 2022-05-31 15:46:41 --> Memory limit of 10240 KB exceeded for buffered query
ERROR - 2022-05-31 15:47:43 --> Memory limit of 10240 KB exceeded for buffered query
ERROR - 2022-05-31 15:47:43 --> Memory limit of 10240 KB exceeded for buffered query
ERROR - 2022-05-31 16:09:36 --> Memory limit of 10240 KB exceeded for buffered query
ERROR - 2022-05-31 16:09:36 --> Memory limit of 10240 KB exceeded for buffered query
ERROR - 2022-05-31 16:10:33 --> Memory limit of 10240 KB exceeded for buffered query
ERROR - 2022-05-31 16:10:33 --> Memory limit of 10240 KB exceeded for buffered query
ERROR - 2022-05-31 16:15:16 --> Memory limit of 10240 KB exceeded for buffered query
ERROR - 2022-05-31 16:15:16 --> Memory limit of 10240 KB exceeded for buffered query
